<?xml version="1.0" encoding="utf-8"?>
<CoverageSession xmlns:xsd="http://www.w3.org/2001/XMLSchema" xmlns:xsi="http://www.w3.org/2001/XMLSchema-instance" Version="4.7.922.0">
  <Summary numSequencePoints="1178" visitedSequencePoints="585" numBranchPoints="460" visitedBranchPoints="206" sequenceCoverage="49.66" branchCoverage="44.78" maxCyclomaticComplexity="11" minCyclomaticComplexity="1" maxCrapScore="90" minCrapScore="1" visitedClasses="15" numClasses="20" visitedMethods="102" numMethods="172" />
  <Modules>
    <Module hash="08-B1-84-90-5F-EA-C4-EA-91-31-FA-43-8A-44-C0-03-8F-EA-BB-A4">
      <Summary numSequencePoints="59" visitedSequencePoints="59" numBranchPoints="6" visitedBranchPoints="6" sequenceCoverage="100" branchCoverage="100" maxCyclomaticComplexity="1" minCyclomaticComplexity="1" maxCrapScore="2" minCrapScore="1" visitedClasses="2" numClasses="2" visitedMethods="6" numMethods="6" />
      <ModulePath>C:\Users\pvl2z\source\repos\Lab13_C#\UnitTestLab13\bin\Debug\fine-code-coverage\build-output\UnitTestLab13.dll</ModulePath>
      <ModuleTime>2024-03-21T07:05:36.3102048Z</ModuleTime>
      <ModuleName>UnitTestLab13</ModuleName>
      <Files>
        <File uid="1" fullPath="C:\Users\pvl2z\source\repos\Lab13_C#\UnitTestLab13\JournalTest.cs" />
        <File uid="2" fullPath="C:\Users\pvl2z\source\repos\Lab13_C#\UnitTestLab13\NewHashTableTest.cs" />
      </Files>
      <Classes>
        <Class>
          <Summary numSequencePoints="6" visitedSequencePoints="6" numBranchPoints="1" visitedBranchPoints="1" sequenceCoverage="100" branchCoverage="100" maxCyclomaticComplexity="1" minCyclomaticComplexity="1" maxCrapScore="2" minCrapScore="1" visitedClasses="1" numClasses="1" visitedMethods="1" numMethods="1" />
          <FullName>UnitTestLab13.JournalTest</FullName>
          <Methods>
            <Method visited="true" cyclomaticComplexity="1" nPathComplexity="0" sequenceCoverage="100" branchCoverage="100" crapScore="1" isConstructor="false" isStatic="false" isGetter="false" isSetter="false">
              <Summary numSequencePoints="6" visitedSequencePoints="6" numBranchPoints="1" visitedBranchPoints="1" sequenceCoverage="100" branchCoverage="100" maxCyclomaticComplexity="1" minCyclomaticComplexity="1" maxCrapScore="1" minCrapScore="1" visitedClasses="0" numClasses="0" visitedMethods="1" numMethods="1" />
              <MetadataToken>100663297</MetadataToken>
              <Name>System.Void UnitTestLab13.JournalTest::TestMethod1()</Name>
              <FileRef uid="1" />
              <SequencePoints>
                <SequencePoint vc="1" uspid="1" ordinal="0" offset="0" sl="12" sc="9" el="12" ec="10" bec="0" bev="0" fileid="1" />
                <SequencePoint vc="1" uspid="2" ordinal="1" offset="1" sl="13" sc="13" el="13" ec="40" bec="0" bev="0" fileid="1" />
                <SequencePoint vc="1" uspid="3" ordinal="2" offset="7" sl="14" sc="13" el="14" ec="64" bec="0" bev="0" fileid="1" />
                <SequencePoint vc="1" uspid="4" ordinal="3" offset="28" sl="15" sc="13" el="15" ec="24" bec="0" bev="0" fileid="1" />
                <SequencePoint vc="1" uspid="5" ordinal="4" offset="36" sl="16" sc="13" el="16" ec="52" bec="0" bev="0" fileid="1" />
                <SequencePoint vc="1" uspid="6" ordinal="5" offset="51" sl="17" sc="9" el="17" ec="10" bec="0" bev="0" fileid="1" />
              </SequencePoints>
              <BranchPoints />
              <MethodPoint xsi:type="SequencePoint" vc="1" uspid="1" ordinal="0" offset="0" sl="12" sc="9" el="12" ec="10" bec="0" bev="0" fileid="1" />
            </Method>
            <Method visited="false" cyclomaticComplexity="1" nPathComplexity="0" sequenceCoverage="0" branchCoverage="0" crapScore="2" isConstructor="true" isStatic="false" isGetter="false" isSetter="false">
              <Summary numSequencePoints="0" visitedSequencePoints="0" numBranchPoints="0" visitedBranchPoints="0" sequenceCoverage="0" branchCoverage="0" maxCyclomaticComplexity="1" minCyclomaticComplexity="1" maxCrapScore="2" minCrapScore="2" visitedClasses="0" numClasses="0" visitedMethods="0" numMethods="0" />
              <MetadataToken>100663298</MetadataToken>
              <Name>System.Void UnitTestLab13.JournalTest::.ctor()</Name>
              <SequencePoints />
              <BranchPoints />
              <MethodPoint vc="0" uspid="7" ordinal="0" offset="0" />
            </Method>
          </Methods>
        </Class>
        <Class>
          <Summary numSequencePoints="53" visitedSequencePoints="53" numBranchPoints="5" visitedBranchPoints="5" sequenceCoverage="100" branchCoverage="100" maxCyclomaticComplexity="1" minCyclomaticComplexity="1" maxCrapScore="2" minCrapScore="1" visitedClasses="1" numClasses="1" visitedMethods="5" numMethods="5" />
          <FullName>UnitTestLab13.NewHashTableTest</FullName>
          <Methods>
            <Method visited="true" cyclomaticComplexity="1" nPathComplexity="0" sequenceCoverage="100" branchCoverage="100" crapScore="1" isConstructor="false" isStatic="false" isGetter="false" isSetter="false">
              <Summary numSequencePoints="13" visitedSequencePoints="13" numBranchPoints="1" visitedBranchPoints="1" sequenceCoverage="100" branchCoverage="100" maxCyclomaticComplexity="1" minCyclomaticComplexity="1" maxCrapScore="1" minCrapScore="1" visitedClasses="0" numClasses="0" visitedMethods="1" numMethods="1" />
              <MetadataToken>100663299</MetadataToken>
              <Name>System.Void UnitTestLab13.NewHashTableTest::Test1()</Name>
              <FileRef uid="2" />
              <SequencePoints>
                <SequencePoint vc="1" uspid="8" ordinal="0" offset="0" sl="19" sc="9" el="19" ec="10" bec="0" bev="0" fileid="2" />
                <SequencePoint vc="1" uspid="9" ordinal="1" offset="1" sl="20" sc="13" el="20" ec="48" bec="0" bev="0" fileid="2" />
                <SequencePoint vc="1" uspid="10" ordinal="2" offset="7" sl="21" sc="14" el="21" ec="38" bec="0" bev="0" fileid="2" />
                <SequencePoint vc="1" uspid="11" ordinal="3" offset="14" sl="22" sc="13" el="22" ec="24" bec="0" bev="0" fileid="2" />
                <SequencePoint vc="1" uspid="12" ordinal="4" offset="21" sl="23" sc="13" el="23" ec="52" bec="0" bev="0" fileid="2" />
                <SequencePoint vc="1" uspid="13" ordinal="5" offset="45" sl="24" sc="13" el="24" ec="55" bec="0" bev="0" fileid="2" />
                <SequencePoint vc="1" uspid="14" ordinal="6" offset="69" sl="25" sc="13" el="25" ec="31" bec="0" bev="0" fileid="2" />
                <SequencePoint vc="1" uspid="15" ordinal="7" offset="76" sl="26" sc="13" el="26" ec="26" bec="0" bev="0" fileid="2" />
                <SequencePoint vc="1" uspid="16" ordinal="8" offset="83" sl="27" sc="13" el="27" ec="50" bec="0" bev="0" fileid="2" />
                <SequencePoint vc="1" uspid="17" ordinal="9" offset="91" sl="28" sc="13" el="28" ec="37" bec="0" bev="0" fileid="2" />
                <SequencePoint vc="1" uspid="18" ordinal="10" offset="98" sl="29" sc="13" el="29" ec="50" bec="0" bev="0" fileid="2" />
                <SequencePoint vc="1" uspid="19" ordinal="11" offset="122" sl="30" sc="13" el="30" ec="72" bec="0" bev="0" fileid="2" />
                <SequencePoint vc="1" uspid="20" ordinal="12" offset="151" sl="31" sc="9" el="31" ec="10" bec="0" bev="0" fileid="2" />
              </SequencePoints>
              <BranchPoints />
              <MethodPoint xsi:type="SequencePoint" vc="1" uspid="8" ordinal="0" offset="0" sl="19" sc="9" el="19" ec="10" bec="0" bev="0" fileid="2" />
            </Method>
            <Method visited="true" cyclomaticComplexity="1" nPathComplexity="0" sequenceCoverage="100" branchCoverage="100" crapScore="1" isConstructor="false" isStatic="false" isGetter="false" isSetter="false">
              <Summary numSequencePoints="5" visitedSequencePoints="5" numBranchPoints="1" visitedBranchPoints="1" sequenceCoverage="100" branchCoverage="100" maxCyclomaticComplexity="1" minCyclomaticComplexity="1" maxCrapScore="1" minCrapScore="1" visitedClasses="0" numClasses="0" visitedMethods="1" numMethods="1" />
              <MetadataToken>100663300</MetadataToken>
              <Name>System.Void UnitTestLab13.NewHashTableTest::Test2()</Name>
              <FileRef uid="2" />
              <SequencePoints>
                <SequencePoint vc="1" uspid="21" ordinal="0" offset="0" sl="35" sc="9" el="35" ec="10" bec="0" bev="0" fileid="2" />
                <SequencePoint vc="1" uspid="22" ordinal="1" offset="1" sl="36" sc="13" el="36" ec="49" bec="0" bev="0" fileid="2" />
                <SequencePoint vc="1" uspid="23" ordinal="2" offset="8" sl="37" sc="13" el="37" ec="52" bec="0" bev="0" fileid="2" />
                <SequencePoint vc="1" uspid="24" ordinal="3" offset="32" sl="38" sc="13" el="38" ec="59" bec="0" bev="0" fileid="2" />
                <SequencePoint vc="1" uspid="25" ordinal="4" offset="48" sl="40" sc="9" el="40" ec="10" bec="0" bev="0" fileid="2" />
              </SequencePoints>
              <BranchPoints />
              <MethodPoint xsi:type="SequencePoint" vc="1" uspid="21" ordinal="0" offset="0" sl="35" sc="9" el="35" ec="10" bec="0" bev="0" fileid="2" />
            </Method>
            <Method visited="true" cyclomaticComplexity="1" nPathComplexity="0" sequenceCoverage="100" branchCoverage="100" crapScore="1" isConstructor="false" isStatic="false" isGetter="false" isSetter="false">
              <Summary numSequencePoints="9" visitedSequencePoints="9" numBranchPoints="1" visitedBranchPoints="1" sequenceCoverage="100" branchCoverage="100" maxCyclomaticComplexity="1" minCyclomaticComplexity="1" maxCrapScore="1" minCrapScore="1" visitedClasses="0" numClasses="0" visitedMethods="1" numMethods="1" />
              <MetadataToken>100663301</MetadataToken>
              <Name>System.Void UnitTestLab13.NewHashTableTest::Test3()</Name>
              <FileRef uid="2" />
              <SequencePoints>
                <SequencePoint vc="1" uspid="26" ordinal="0" offset="0" sl="45" sc="9" el="45" ec="10" bec="0" bev="0" fileid="2" />
                <SequencePoint vc="1" uspid="27" ordinal="1" offset="1" sl="46" sc="13" el="46" ec="53" bec="0" bev="0" fileid="2" />
                <SequencePoint vc="1" uspid="28" ordinal="2" offset="7" sl="47" sc="13" el="47" ec="43" bec="0" bev="0" fileid="2" />
                <SequencePoint vc="1" uspid="29" ordinal="3" offset="19" sl="48" sc="13" el="48" ec="52" bec="0" bev="0" fileid="2" />
                <SequencePoint vc="1" uspid="30" ordinal="4" offset="43" sl="49" sc="13" el="49" ec="50" bec="0" bev="0" fileid="2" />
                <SequencePoint vc="1" uspid="31" ordinal="5" offset="55" sl="50" sc="13" el="50" ec="48" bec="0" bev="0" fileid="2" />
                <SequencePoint vc="1" uspid="32" ordinal="6" offset="67" sl="51" sc="13" el="51" ec="52" bec="0" bev="0" fileid="2" />
                <SequencePoint vc="1" uspid="33" ordinal="7" offset="91" sl="52" sc="13" el="52" ec="59" bec="0" bev="0" fileid="2" />
                <SequencePoint vc="1" uspid="34" ordinal="8" offset="107" sl="53" sc="9" el="53" ec="10" bec="0" bev="0" fileid="2" />
              </SequencePoints>
              <BranchPoints />
              <MethodPoint xsi:type="SequencePoint" vc="1" uspid="26" ordinal="0" offset="0" sl="45" sc="9" el="45" ec="10" bec="0" bev="0" fileid="2" />
            </Method>
            <Method visited="true" cyclomaticComplexity="1" nPathComplexity="0" sequenceCoverage="100" branchCoverage="100" crapScore="1" isConstructor="false" isStatic="false" isGetter="false" isSetter="false">
              <Summary numSequencePoints="15" visitedSequencePoints="15" numBranchPoints="1" visitedBranchPoints="1" sequenceCoverage="100" branchCoverage="100" maxCyclomaticComplexity="1" minCyclomaticComplexity="1" maxCrapScore="1" minCrapScore="1" visitedClasses="0" numClasses="0" visitedMethods="1" numMethods="1" />
              <MetadataToken>100663302</MetadataToken>
              <Name>System.Void UnitTestLab13.NewHashTableTest::Test4()</Name>
              <FileRef uid="2" />
              <SequencePoints>
                <SequencePoint vc="1" uspid="35" ordinal="0" offset="0" sl="57" sc="9" el="57" ec="10" bec="0" bev="0" fileid="2" />
                <SequencePoint vc="1" uspid="36" ordinal="1" offset="1" sl="58" sc="13" el="58" ec="58" bec="0" bev="0" fileid="2" />
                <SequencePoint vc="1" uspid="37" ordinal="2" offset="13" sl="59" sc="13" el="59" ec="28" bec="0" bev="0" fileid="2" />
                <SequencePoint vc="1" uspid="38" ordinal="3" offset="20" sl="60" sc="13" el="60" ec="49" bec="0" bev="0" fileid="2" />
                <SequencePoint vc="1" uspid="39" ordinal="4" offset="32" sl="61" sc="13" el="61" ec="40" bec="0" bev="0" fileid="2" />
                <SequencePoint vc="1" uspid="40" ordinal="5" offset="38" sl="63" sc="13" el="63" ec="28" bec="0" bev="0" fileid="2" />
                <SequencePoint vc="1" uspid="41" ordinal="6" offset="45" sl="64" sc="13" el="64" ec="28" bec="0" bev="0" fileid="2" />
                <SequencePoint vc="1" uspid="42" ordinal="7" offset="52" sl="65" sc="13" el="65" ec="28" bec="0" bev="0" fileid="2" />
                <SequencePoint vc="1" uspid="43" ordinal="8" offset="59" sl="66" sc="13" el="66" ec="28" bec="0" bev="0" fileid="2" />
                <SequencePoint vc="1" uspid="44" ordinal="9" offset="66" sl="67" sc="13" el="67" ec="26" bec="0" bev="0" fileid="2" />
                <SequencePoint vc="1" uspid="45" ordinal="10" offset="74" sl="68" sc="13" el="68" ec="26" bec="0" bev="0" fileid="2" />
                <SequencePoint vc="1" uspid="46" ordinal="11" offset="82" sl="69" sc="13" el="69" ec="27" bec="0" bev="0" fileid="2" />
                <SequencePoint vc="1" uspid="47" ordinal="12" offset="91" sl="70" sc="13" el="70" ec="28" bec="0" bev="0" fileid="2" />
                <SequencePoint vc="1" uspid="48" ordinal="13" offset="101" sl="71" sc="13" el="71" ec="44" bec="0" bev="0" fileid="2" />
                <SequencePoint vc="1" uspid="49" ordinal="14" offset="118" sl="72" sc="9" el="72" ec="10" bec="0" bev="0" fileid="2" />
              </SequencePoints>
              <BranchPoints />
              <MethodPoint xsi:type="SequencePoint" vc="1" uspid="35" ordinal="0" offset="0" sl="57" sc="9" el="57" ec="10" bec="0" bev="0" fileid="2" />
            </Method>
            <Method visited="true" cyclomaticComplexity="1" nPathComplexity="0" sequenceCoverage="100" branchCoverage="100" crapScore="1" isConstructor="false" isStatic="false" isGetter="false" isSetter="false">
              <Summary numSequencePoints="11" visitedSequencePoints="11" numBranchPoints="1" visitedBranchPoints="1" sequenceCoverage="100" branchCoverage="100" maxCyclomaticComplexity="1" minCyclomaticComplexity="1" maxCrapScore="1" minCrapScore="1" visitedClasses="0" numClasses="0" visitedMethods="1" numMethods="1" />
              <MetadataToken>100663303</MetadataToken>
              <Name>System.Void UnitTestLab13.NewHashTableTest::Test5()</Name>
              <FileRef uid="2" />
              <SequencePoints>
                <SequencePoint vc="1" uspid="50" ordinal="0" offset="0" sl="76" sc="9" el="76" ec="10" bec="0" bev="0" fileid="2" />
                <SequencePoint vc="1" uspid="51" ordinal="1" offset="1" sl="77" sc="12" el="77" ec="63" bec="0" bev="0" fileid="2" />
                <SequencePoint vc="1" uspid="52" ordinal="2" offset="13" sl="78" sc="13" el="78" ec="29" bec="0" bev="0" fileid="2" />
                <SequencePoint vc="1" uspid="53" ordinal="3" offset="25" sl="79" sc="13" el="79" ec="40" bec="0" bev="0" fileid="2" />
                <SequencePoint vc="1" uspid="54" ordinal="4" offset="31" sl="80" sc="13" el="80" ec="91" bec="0" bev="0" fileid="2" />
                <SequencePoint vc="1" uspid="55" ordinal="5" offset="50" sl="81" sc="13" el="81" ec="99" bec="0" bev="0" fileid="2" />
                <SequencePoint vc="1" uspid="56" ordinal="6" offset="69" sl="82" sc="13" el="82" ec="28" bec="0" bev="0" fileid="2" />
                <SequencePoint vc="1" uspid="57" ordinal="7" offset="76" sl="83" sc="13" el="83" ec="28" bec="0" bev="0" fileid="2" />
                <SequencePoint vc="1" uspid="58" ordinal="8" offset="83" sl="84" sc="13" el="84" ec="29" bec="0" bev="0" fileid="2" />
                <SequencePoint vc="1" uspid="59" ordinal="9" offset="93" sl="85" sc="13" el="85" ec="45" bec="0" bev="0" fileid="2" />
                <SequencePoint vc="1" uspid="60" ordinal="10" offset="110" sl="86" sc="9" el="86" ec="10" bec="0" bev="0" fileid="2" />
              </SequencePoints>
              <BranchPoints />
              <MethodPoint xsi:type="SequencePoint" vc="1" uspid="50" ordinal="0" offset="0" sl="76" sc="9" el="76" ec="10" bec="0" bev="0" fileid="2" />
            </Method>
            <Method visited="false" cyclomaticComplexity="1" nPathComplexity="0" sequenceCoverage="0" branchCoverage="0" crapScore="2" isConstructor="true" isStatic="false" isGetter="false" isSetter="false">
              <Summary numSequencePoints="0" visitedSequencePoints="0" numBranchPoints="0" visitedBranchPoints="0" sequenceCoverage="0" branchCoverage="0" maxCyclomaticComplexity="1" minCyclomaticComplexity="1" maxCrapScore="2" minCrapScore="2" visitedClasses="0" numClasses="0" visitedMethods="0" numMethods="0" />
              <MetadataToken>100663304</MetadataToken>
              <Name>System.Void UnitTestLab13.NewHashTableTest::.ctor()</Name>
              <SequencePoints />
              <BranchPoints />
              <MethodPoint vc="0" uspid="61" ordinal="0" offset="0" />
            </Method>
          </Methods>
        </Class>
      </Classes>
    </Module>
    <Module hash="56-F7-3F-6B-FC-36-D6-51-C6-FF-B0-F6-EF-34-F0-52-7B-B5-36-16">
      <Summary numSequencePoints="206" visitedSequencePoints="177" numBranchPoints="75" visitedBranchPoints="65" sequenceCoverage="85.92" branchCoverage="86.67" maxCyclomaticComplexity="11" minCyclomaticComplexity="1" maxCrapScore="12" minCrapScore="1" visitedClasses="5" numClasses="5" visitedMethods="40" numMethods="43" />
      <ModulePath>C:\Users\pvl2z\source\repos\Lab13_C#\UnitTestLab13\bin\Debug\fine-code-coverage\build-output\13LabLibrary.dll</ModulePath>
      <ModuleTime>2024-03-21T06:59:12.4454976Z</ModuleTime>
      <ModuleName>13LabLibrary</ModuleName>
      <Files>
        <File uid="5" fullPath="C:\Users\pvl2z\source\repos\Lab13_C#\13LabLibrary\CollectionHandlerEventArgs.cs" />
        <File uid="6" fullPath="C:\Users\pvl2z\source\repos\Lab13_C#\13LabLibrary\Journal.cs" />
        <File uid="7" fullPath="C:\Users\pvl2z\source\repos\Lab13_C#\13LabLibrary\JournalEntry.cs" />
        <File uid="8" fullPath="C:\Users\pvl2z\source\repos\Lab13_C#\13LabLibrary\MyHashTable.cs" />
        <File uid="9" fullPath="C:\Users\pvl2z\source\repos\Lab13_C#\13LabLibrary\MyNewHashTable.cs" />
      </Files>
      <Classes>
        <Class>
          <Summary numSequencePoints="21" visitedSequencePoints="12" numBranchPoints="9" visitedBranchPoints="7" sequenceCoverage="57.14" branchCoverage="77.78" maxCyclomaticComplexity="1" minCyclomaticComplexity="1" maxCrapScore="2" minCrapScore="1" visitedClasses="1" numClasses="1" visitedMethods="7" numMethods="9" />
          <FullName>_13LabLibrary.CollectionHandlerEventArgs</FullName>
          <Methods>
            <Method visited="true" cyclomaticComplexity="1" nPathComplexity="0" sequenceCoverage="100" branchCoverage="100" crapScore="1" isConstructor="false" isStatic="false" isGetter="true" isSetter="false">
              <Summary numSequencePoints="1" visitedSequencePoints="1" numBranchPoints="1" visitedBranchPoints="1" sequenceCoverage="100" branchCoverage="100" maxCyclomaticComplexity="1" minCyclomaticComplexity="1" maxCrapScore="1" minCrapScore="1" visitedClasses="0" numClasses="0" visitedMethods="1" numMethods="1" />
              <MetadataToken>100663297</MetadataToken>
              <Name>System.String _13LabLibrary.CollectionHandlerEventArgs::get_Name()</Name>
              <FileRef uid="5" />
              <SequencePoints>
                <SequencePoint vc="3" uspid="62" ordinal="0" offset="0" sl="13" sc="30" el="13" ec="34" bec="0" bev="0" fileid="5" />
              </SequencePoints>
              <BranchPoints />
              <MethodPoint xsi:type="SequencePoint" vc="3" uspid="62" ordinal="0" offset="0" sl="13" sc="30" el="13" ec="34" bec="0" bev="0" fileid="5" />
            </Method>
            <Method visited="true" cyclomaticComplexity="1" nPathComplexity="0" sequenceCoverage="100" branchCoverage="100" crapScore="1" isConstructor="false" isStatic="false" isGetter="false" isSetter="true">
              <Summary numSequencePoints="1" visitedSequencePoints="1" numBranchPoints="1" visitedBranchPoints="1" sequenceCoverage="100" branchCoverage="100" maxCyclomaticComplexity="1" minCyclomaticComplexity="1" maxCrapScore="1" minCrapScore="1" visitedClasses="0" numClasses="0" visitedMethods="1" numMethods="1" />
              <MetadataToken>100663298</MetadataToken>
              <Name>System.Void _13LabLibrary.CollectionHandlerEventArgs::set_Name(System.String)</Name>
              <FileRef uid="5" />
              <SequencePoints>
                <SequencePoint vc="11" uspid="63" ordinal="0" offset="0" sl="13" sc="35" el="13" ec="39" bec="0" bev="0" fileid="5" />
              </SequencePoints>
              <BranchPoints />
              <MethodPoint xsi:type="SequencePoint" vc="11" uspid="63" ordinal="0" offset="0" sl="13" sc="35" el="13" ec="39" bec="0" bev="0" fileid="5" />
            </Method>
            <Method visited="true" cyclomaticComplexity="1" nPathComplexity="0" sequenceCoverage="100" branchCoverage="100" crapScore="1" isConstructor="false" isStatic="false" isGetter="true" isSetter="false">
              <Summary numSequencePoints="1" visitedSequencePoints="1" numBranchPoints="1" visitedBranchPoints="1" sequenceCoverage="100" branchCoverage="100" maxCyclomaticComplexity="1" minCyclomaticComplexity="1" maxCrapScore="1" minCrapScore="1" visitedClasses="0" numClasses="0" visitedMethods="1" numMethods="1" />
              <MetadataToken>100663299</MetadataToken>
              <Name>System.String _13LabLibrary.CollectionHandlerEventArgs::get_TypeOfChange()</Name>
              <FileRef uid="5" />
              <SequencePoints>
                <SequencePoint vc="3" uspid="64" ordinal="0" offset="0" sl="14" sc="38" el="14" ec="42" bec="0" bev="0" fileid="5" />
              </SequencePoints>
              <BranchPoints />
              <MethodPoint xsi:type="SequencePoint" vc="3" uspid="64" ordinal="0" offset="0" sl="14" sc="38" el="14" ec="42" bec="0" bev="0" fileid="5" />
            </Method>
            <Method visited="true" cyclomaticComplexity="1" nPathComplexity="0" sequenceCoverage="100" branchCoverage="100" crapScore="1" isConstructor="false" isStatic="false" isGetter="false" isSetter="true">
              <Summary numSequencePoints="1" visitedSequencePoints="1" numBranchPoints="1" visitedBranchPoints="1" sequenceCoverage="100" branchCoverage="100" maxCyclomaticComplexity="1" minCyclomaticComplexity="1" maxCrapScore="1" minCrapScore="1" visitedClasses="0" numClasses="0" visitedMethods="1" numMethods="1" />
              <MetadataToken>100663300</MetadataToken>
              <Name>System.Void _13LabLibrary.CollectionHandlerEventArgs::set_TypeOfChange(System.String)</Name>
              <FileRef uid="5" />
              <SequencePoints>
                <SequencePoint vc="11" uspid="65" ordinal="0" offset="0" sl="14" sc="43" el="14" ec="47" bec="0" bev="0" fileid="5" />
              </SequencePoints>
              <BranchPoints />
              <MethodPoint xsi:type="SequencePoint" vc="11" uspid="65" ordinal="0" offset="0" sl="14" sc="43" el="14" ec="47" bec="0" bev="0" fileid="5" />
            </Method>
            <Method visited="true" cyclomaticComplexity="1" nPathComplexity="0" sequenceCoverage="100" branchCoverage="100" crapScore="1" isConstructor="false" isStatic="false" isGetter="true" isSetter="false">
              <Summary numSequencePoints="1" visitedSequencePoints="1" numBranchPoints="1" visitedBranchPoints="1" sequenceCoverage="100" branchCoverage="100" maxCyclomaticComplexity="1" minCyclomaticComplexity="1" maxCrapScore="1" minCrapScore="1" visitedClasses="0" numClasses="0" visitedMethods="1" numMethods="1" />
              <MetadataToken>100663301</MetadataToken>
              <Name>_10LabLibrary.Challenge _13LabLibrary.CollectionHandlerEventArgs::get_Obj()</Name>
              <FileRef uid="5" />
              <SequencePoints>
                <SequencePoint vc="5" uspid="66" ordinal="0" offset="0" sl="15" sc="32" el="15" ec="36" bec="0" bev="0" fileid="5" />
              </SequencePoints>
              <BranchPoints />
              <MethodPoint xsi:type="SequencePoint" vc="5" uspid="66" ordinal="0" offset="0" sl="15" sc="32" el="15" ec="36" bec="0" bev="0" fileid="5" />
            </Method>
            <Method visited="true" cyclomaticComplexity="1" nPathComplexity="0" sequenceCoverage="100" branchCoverage="100" crapScore="1" isConstructor="false" isStatic="false" isGetter="false" isSetter="true">
              <Summary numSequencePoints="1" visitedSequencePoints="1" numBranchPoints="1" visitedBranchPoints="1" sequenceCoverage="100" branchCoverage="100" maxCyclomaticComplexity="1" minCyclomaticComplexity="1" maxCrapScore="1" minCrapScore="1" visitedClasses="0" numClasses="0" visitedMethods="1" numMethods="1" />
              <MetadataToken>100663302</MetadataToken>
              <Name>System.Void _13LabLibrary.CollectionHandlerEventArgs::set_Obj(_10LabLibrary.Challenge)</Name>
              <FileRef uid="5" />
              <SequencePoints>
                <SequencePoint vc="11" uspid="67" ordinal="0" offset="0" sl="15" sc="37" el="15" ec="41" bec="0" bev="0" fileid="5" />
              </SequencePoints>
              <BranchPoints />
              <MethodPoint xsi:type="SequencePoint" vc="11" uspid="67" ordinal="0" offset="0" sl="15" sc="37" el="15" ec="41" bec="0" bev="0" fileid="5" />
            </Method>
            <Method visited="false" cyclomaticComplexity="1" nPathComplexity="0" sequenceCoverage="0" branchCoverage="0" crapScore="2" isConstructor="true" isStatic="false" isGetter="false" isSetter="false">
              <Summary numSequencePoints="6" visitedSequencePoints="0" numBranchPoints="1" visitedBranchPoints="0" sequenceCoverage="0" branchCoverage="0" maxCyclomaticComplexity="1" minCyclomaticComplexity="1" maxCrapScore="2" minCrapScore="2" visitedClasses="0" numClasses="0" visitedMethods="0" numMethods="1" />
              <MetadataToken>100663303</MetadataToken>
              <Name>System.Void _13LabLibrary.CollectionHandlerEventArgs::.ctor()</Name>
              <FileRef uid="5" />
              <SequencePoints>
                <SequencePoint vc="0" uspid="68" ordinal="0" offset="0" sl="16" sc="9" el="16" ec="44" bec="0" bev="0" fileid="5" />
                <SequencePoint vc="0" uspid="69" ordinal="1" offset="7" sl="17" sc="9" el="17" ec="10" bec="0" bev="0" fileid="5" />
                <SequencePoint vc="0" uspid="70" ordinal="2" offset="8" sl="18" sc="13" el="18" ec="23" bec="0" bev="0" fileid="5" />
                <SequencePoint vc="0" uspid="71" ordinal="3" offset="20" sl="19" sc="13" el="19" ec="31" bec="0" bev="0" fileid="5" />
                <SequencePoint vc="0" uspid="72" ordinal="4" offset="32" sl="20" sc="13" el="20" ec="35" bec="0" bev="0" fileid="5" />
                <SequencePoint vc="0" uspid="73" ordinal="5" offset="44" sl="21" sc="9" el="21" ec="10" bec="0" bev="0" fileid="5" />
              </SequencePoints>
              <BranchPoints />
              <MethodPoint xsi:type="SequencePoint" vc="0" uspid="68" ordinal="0" offset="0" sl="16" sc="9" el="16" ec="44" bec="0" bev="0" fileid="5" />
            </Method>
            <Method visited="true" cyclomaticComplexity="1" nPathComplexity="0" sequenceCoverage="100" branchCoverage="100" crapScore="1" isConstructor="true" isStatic="false" isGetter="false" isSetter="false">
              <Summary numSequencePoints="6" visitedSequencePoints="6" numBranchPoints="1" visitedBranchPoints="1" sequenceCoverage="100" branchCoverage="100" maxCyclomaticComplexity="1" minCyclomaticComplexity="1" maxCrapScore="1" minCrapScore="1" visitedClasses="0" numClasses="0" visitedMethods="1" numMethods="1" />
              <MetadataToken>100663304</MetadataToken>
              <Name>System.Void _13LabLibrary.CollectionHandlerEventArgs::.ctor(System.String,System.String,_10LabLibrary.Challenge)</Name>
              <FileRef uid="5" />
              <SequencePoints>
                <SequencePoint vc="11" uspid="74" ordinal="0" offset="0" sl="22" sc="9" el="22" ec="83" bec="0" bev="0" fileid="5" />
                <SequencePoint vc="11" uspid="75" ordinal="1" offset="7" sl="23" sc="9" el="23" ec="10" bec="0" bev="0" fileid="5" />
                <SequencePoint vc="11" uspid="76" ordinal="2" offset="8" sl="24" sc="13" el="24" ec="25" bec="0" bev="0" fileid="5" />
                <SequencePoint vc="11" uspid="77" ordinal="3" offset="16" sl="25" sc="13" el="25" ec="33" bec="0" bev="0" fileid="5" />
                <SequencePoint vc="11" uspid="78" ordinal="4" offset="24" sl="26" sc="13" el="26" ec="23" bec="0" bev="0" fileid="5" />
                <SequencePoint vc="11" uspid="79" ordinal="5" offset="32" sl="27" sc="9" el="27" ec="10" bec="0" bev="0" fileid="5" />
              </SequencePoints>
              <BranchPoints />
              <MethodPoint xsi:type="SequencePoint" vc="11" uspid="74" ordinal="0" offset="0" sl="22" sc="9" el="22" ec="83" bec="0" bev="0" fileid="5" />
            </Method>
            <Method visited="false" cyclomaticComplexity="1" nPathComplexity="0" sequenceCoverage="0" branchCoverage="0" crapScore="2" isConstructor="false" isStatic="false" isGetter="false" isSetter="false">
              <Summary numSequencePoints="3" visitedSequencePoints="0" numBranchPoints="1" visitedBranchPoints="0" sequenceCoverage="0" branchCoverage="0" maxCyclomaticComplexity="1" minCyclomaticComplexity="1" maxCrapScore="2" minCrapScore="2" visitedClasses="0" numClasses="0" visitedMethods="0" numMethods="1" />
              <MetadataToken>100663305</MetadataToken>
              <Name>System.String _13LabLibrary.CollectionHandlerEventArgs::ToString()</Name>
              <FileRef uid="5" />
              <SequencePoints>
                <SequencePoint vc="0" uspid="80" ordinal="0" offset="0" sl="29" sc="9" el="29" ec="10" bec="0" bev="0" fileid="5" />
                <SequencePoint vc="0" uspid="81" ordinal="1" offset="1" sl="30" sc="13" el="30" ec="57" bec="0" bev="0" fileid="5" />
                <SequencePoint vc="0" uspid="82" ordinal="2" offset="32" sl="31" sc="9" el="31" ec="10" bec="0" bev="0" fileid="5" />
              </SequencePoints>
              <BranchPoints />
              <MethodPoint xsi:type="SequencePoint" vc="0" uspid="80" ordinal="0" offset="0" sl="29" sc="9" el="29" ec="10" bec="0" bev="0" fileid="5" />
            </Method>
          </Methods>
        </Class>
        <Class>
          <Summary numSequencePoints="34" visitedSequencePoints="15" numBranchPoints="9" visitedBranchPoints="5" sequenceCoverage="44.12" branchCoverage="55.56" maxCyclomaticComplexity="3" minCyclomaticComplexity="1" maxCrapScore="12" minCrapScore="1" visitedClasses="1" numClasses="1" visitedMethods="4" numMethods="5" />
          <FullName>_13LabLibrary.Journal</FullName>
          <Methods>
            <Method visited="true" cyclomaticComplexity="1" nPathComplexity="0" sequenceCoverage="100" branchCoverage="100" crapScore="1" isConstructor="false" isStatic="false" isGetter="false" isSetter="false">
              <Summary numSequencePoints="3" visitedSequencePoints="3" numBranchPoints="1" visitedBranchPoints="1" sequenceCoverage="100" branchCoverage="100" maxCyclomaticComplexity="1" minCyclomaticComplexity="1" maxCrapScore="1" minCrapScore="1" visitedClasses="0" numClasses="0" visitedMethods="1" numMethods="1" />
              <MetadataToken>100663306</MetadataToken>
              <Name>System.Void _13LabLibrary.Journal::Add(_13LabLibrary.JournalEntry)</Name>
              <FileRef uid="6" />
              <SequencePoints>
                <SequencePoint vc="1" uspid="83" ordinal="0" offset="0" sl="14" sc="9" el="14" ec="10" bec="0" bev="0" fileid="6" />
                <SequencePoint vc="1" uspid="84" ordinal="1" offset="1" sl="15" sc="13" el="15" ec="32" bec="0" bev="0" fileid="6" />
                <SequencePoint vc="1" uspid="85" ordinal="2" offset="14" sl="16" sc="9" el="16" ec="10" bec="0" bev="0" fileid="6" />
              </SequencePoints>
              <BranchPoints />
              <MethodPoint xsi:type="SequencePoint" vc="1" uspid="83" ordinal="0" offset="0" sl="14" sc="9" el="14" ec="10" bec="0" bev="0" fileid="6" />
            </Method>
            <Method visited="false" cyclomaticComplexity="3" nPathComplexity="2" sequenceCoverage="0" branchCoverage="0" crapScore="12" isConstructor="false" isStatic="false" isGetter="false" isSetter="false">
              <Summary numSequencePoints="16" visitedSequencePoints="0" numBranchPoints="3" visitedBranchPoints="0" sequenceCoverage="0" branchCoverage="0" maxCyclomaticComplexity="3" minCyclomaticComplexity="3" maxCrapScore="12" minCrapScore="12" visitedClasses="0" numClasses="0" visitedMethods="0" numMethods="1" />
              <MetadataToken>100663307</MetadataToken>
              <Name>System.Void _13LabLibrary.Journal::Print()</Name>
              <FileRef uid="6" />
              <SequencePoints>
                <SequencePoint vc="0" uspid="86" ordinal="0" offset="0" sl="19" sc="9" el="19" ec="10" bec="0" bev="0" fileid="6" />
                <SequencePoint vc="0" uspid="87" ordinal="1" offset="1" sl="20" sc="13" el="20" ec="35" bec="2" bev="0" fileid="6" />
                <SequencePoint vc="0" uspid="88" ordinal="2" offset="19" sl="21" sc="13" el="21" ec="14" bec="0" bev="0" fileid="6" />
                <SequencePoint vc="0" uspid="89" ordinal="3" offset="20" sl="22" sc="17" el="22" ec="46" bec="0" bev="0" fileid="6" />
                <SequencePoint vc="0" uspid="90" ordinal="4" offset="31" sl="23" sc="17" el="23" ec="24" bec="0" bev="0" fileid="6" />
                <SequencePoint vc="0" uspid="91" ordinal="5" offset="32" sl="23" sc="35" el="23" ec="42" bec="0" bev="0" fileid="6" />
                <SequencePoint vc="0" uspid="92" ordinal="6" offset="46" sl="23" sc="26" el="23" ec="31" bec="0" bev="0" fileid="6" />
                <SequencePoint vc="0" uspid="93" ordinal="7" offset="54" sl="24" sc="17" el="24" ec="18" bec="0" bev="0" fileid="6" />
                <SequencePoint vc="0" uspid="94" ordinal="8" offset="55" sl="25" sc="21" el="25" ec="42" bec="0" bev="0" fileid="6" />
                <SequencePoint vc="0" uspid="95" ordinal="9" offset="62" sl="26" sc="17" el="26" ec="18" bec="0" bev="0" fileid="6" />
                <SequencePoint vc="0" uspid="96" ordinal="10" offset="63" sl="23" sc="32" el="23" ec="34" bec="0" bev="0" fileid="6" />
                <SequencePoint vc="0" uspid="97" ordinal="11" offset="89" sl="27" sc="13" el="27" ec="14" bec="0" bev="0" fileid="6" />
                <SequencePoint vc="0" uspid="98" ordinal="12" offset="92" sl="29" sc="13" el="29" ec="14" bec="0" bev="0" fileid="6" />
                <SequencePoint vc="0" uspid="99" ordinal="13" offset="93" sl="30" sc="17" el="30" ec="59" bec="0" bev="0" fileid="6" />
                <SequencePoint vc="0" uspid="100" ordinal="14" offset="104" sl="31" sc="13" el="31" ec="14" bec="0" bev="0" fileid="6" />
                <SequencePoint vc="0" uspid="101" ordinal="15" offset="105" sl="32" sc="9" el="32" ec="10" bec="0" bev="0" fileid="6" />
              </SequencePoints>
              <BranchPoints>
                <BranchPoint vc="0" uspid="102" ordinal="0" offset="17" sl="20" path="0" offsetend="19" fileid="6" />
                <BranchPoint vc="0" uspid="103" ordinal="1" offset="17" sl="20" path="1" offsetend="92" fileid="6" />
              </BranchPoints>
              <MethodPoint xsi:type="SequencePoint" vc="0" uspid="86" ordinal="0" offset="0" sl="19" sc="9" el="19" ec="10" bec="0" bev="0" fileid="6" />
            </Method>
            <Method visited="true" cyclomaticComplexity="2" nPathComplexity="2" sequenceCoverage="70" branchCoverage="66.67" crapScore="2.11" isConstructor="false" isStatic="false" isGetter="false" isSetter="false">
              <Summary numSequencePoints="10" visitedSequencePoints="7" numBranchPoints="3" visitedBranchPoints="2" sequenceCoverage="70" branchCoverage="66.67" maxCyclomaticComplexity="2" minCyclomaticComplexity="2" maxCrapScore="2.11" minCrapScore="2.11" visitedClasses="0" numClasses="0" visitedMethods="1" numMethods="1" />
              <MetadataToken>100663308</MetadataToken>
              <Name>System.Void _13LabLibrary.Journal::CollectionCountChanged(System.Object,_13LabLibrary.CollectionHandlerEventArgs)</Name>
              <FileRef uid="6" />
              <SequencePoints>
                <SequencePoint vc="2" uspid="106" ordinal="0" offset="0" sl="35" sc="9" el="35" ec="10" bec="0" bev="0" fileid="6" />
                <SequencePoint vc="2" uspid="107" ordinal="1" offset="1" sl="38" sc="13" el="38" ec="34" bec="2" bev="1" fileid="6" />
                <SequencePoint vc="0" uspid="108" ordinal="2" offset="14" sl="39" sc="13" el="39" ec="14" bec="0" bev="0" fileid="6" />
                <SequencePoint vc="0" uspid="109" ordinal="3" offset="15" sl="40" sc="17" el="40" ec="79" bec="0" bev="0" fileid="6" />
                <SequencePoint vc="0" uspid="110" ordinal="4" offset="38" sl="41" sc="13" el="41" ec="14" bec="0" bev="0" fileid="6" />
                <SequencePoint vc="2" uspid="111" ordinal="5" offset="41" sl="43" sc="13" el="43" ec="14" bec="0" bev="0" fileid="6" />
                <SequencePoint vc="2" uspid="112" ordinal="6" offset="42" sl="44" sc="17" el="44" ec="92" bec="0" bev="0" fileid="6" />
                <SequencePoint vc="2" uspid="113" ordinal="7" offset="71" sl="45" sc="13" el="45" ec="14" bec="0" bev="0" fileid="6" />
                <SequencePoint vc="2" uspid="114" ordinal="8" offset="72" sl="46" sc="13" el="46" ec="31" bec="0" bev="0" fileid="6" />
                <SequencePoint vc="2" uspid="115" ordinal="9" offset="85" sl="47" sc="9" el="47" ec="10" bec="0" bev="0" fileid="6" />
              </SequencePoints>
              <BranchPoints>
                <BranchPoint vc="0" uspid="116" ordinal="0" offset="12" sl="38" path="0" offsetend="14" fileid="6" />
                <BranchPoint vc="2" uspid="117" ordinal="1" offset="12" sl="38" path="1" offsetend="41" fileid="6" />
              </BranchPoints>
              <MethodPoint xsi:type="SequencePoint" vc="2" uspid="106" ordinal="0" offset="0" sl="35" sc="9" el="35" ec="10" bec="0" bev="0" fileid="6" />
            </Method>
            <Method visited="true" cyclomaticComplexity="1" nPathComplexity="0" sequenceCoverage="100" branchCoverage="100" crapScore="1" isConstructor="false" isStatic="false" isGetter="false" isSetter="false">
              <Summary numSequencePoints="4" visitedSequencePoints="4" numBranchPoints="1" visitedBranchPoints="1" sequenceCoverage="100" branchCoverage="100" maxCyclomaticComplexity="1" minCyclomaticComplexity="1" maxCrapScore="1" minCrapScore="1" visitedClasses="0" numClasses="0" visitedMethods="1" numMethods="1" />
              <MetadataToken>100663309</MetadataToken>
              <Name>System.Void _13LabLibrary.Journal::CollectionReferenceChanged(System.Object,_13LabLibrary.CollectionHandlerEventArgs)</Name>
              <FileRef uid="6" />
              <SequencePoints>
                <SequencePoint vc="1" uspid="118" ordinal="0" offset="0" sl="50" sc="9" el="50" ec="10" bec="0" bev="0" fileid="6" />
                <SequencePoint vc="1" uspid="119" ordinal="1" offset="1" sl="51" sc="13" el="51" ec="101" bec="0" bev="0" fileid="6" />
                <SequencePoint vc="1" uspid="120" ordinal="2" offset="30" sl="52" sc="13" el="52" ec="31" bec="0" bev="0" fileid="6" />
                <SequencePoint vc="1" uspid="121" ordinal="3" offset="43" sl="53" sc="9" el="53" ec="10" bec="0" bev="0" fileid="6" />
              </SequencePoints>
              <BranchPoints />
              <MethodPoint xsi:type="SequencePoint" vc="1" uspid="118" ordinal="0" offset="0" sl="50" sc="9" el="50" ec="10" bec="0" bev="0" fileid="6" />
            </Method>
            <Method visited="true" cyclomaticComplexity="1" nPathComplexity="0" sequenceCoverage="100" branchCoverage="100" crapScore="1" isConstructor="true" isStatic="false" isGetter="false" isSetter="false">
              <Summary numSequencePoints="1" visitedSequencePoints="1" numBranchPoints="1" visitedBranchPoints="1" sequenceCoverage="100" branchCoverage="100" maxCyclomaticComplexity="1" minCyclomaticComplexity="1" maxCrapScore="1" minCrapScore="1" visitedClasses="0" numClasses="0" visitedMethods="1" numMethods="1" />
              <MetadataToken>100663310</MetadataToken>
              <Name>System.Void _13LabLibrary.Journal::.ctor()</Name>
              <FileRef uid="6" />
              <SequencePoints>
                <SequencePoint vc="3" uspid="122" ordinal="0" offset="0" sl="11" sc="9" el="11" ec="71" bec="0" bev="0" fileid="6" />
              </SequencePoints>
              <BranchPoints />
              <MethodPoint xsi:type="SequencePoint" vc="3" uspid="122" ordinal="0" offset="0" sl="11" sc="9" el="11" ec="71" bec="0" bev="0" fileid="6" />
            </Method>
          </Methods>
        </Class>
        <Class>
          <Summary numSequencePoints="15" visitedSequencePoints="15" numBranchPoints="8" visitedBranchPoints="8" sequenceCoverage="100" branchCoverage="100" maxCyclomaticComplexity="1" minCyclomaticComplexity="1" maxCrapScore="1" minCrapScore="1" visitedClasses="1" numClasses="1" visitedMethods="8" numMethods="8" />
          <FullName>_13LabLibrary.JournalEntry</FullName>
          <Methods>
            <Method visited="true" cyclomaticComplexity="1" nPathComplexity="0" sequenceCoverage="100" branchCoverage="100" crapScore="1" isConstructor="false" isStatic="false" isGetter="true" isSetter="false">
              <Summary numSequencePoints="1" visitedSequencePoints="1" numBranchPoints="1" visitedBranchPoints="1" sequenceCoverage="100" branchCoverage="100" maxCyclomaticComplexity="1" minCyclomaticComplexity="1" maxCrapScore="1" minCrapScore="1" visitedClasses="0" numClasses="0" visitedMethods="1" numMethods="1" />
              <MetadataToken>100663311</MetadataToken>
              <Name>System.String _13LabLibrary.JournalEntry::get_Name()</Name>
              <FileRef uid="7" />
              <SequencePoints>
                <SequencePoint vc="1" uspid="123" ordinal="0" offset="0" sl="11" sc="30" el="11" ec="34" bec="0" bev="0" fileid="7" />
              </SequencePoints>
              <BranchPoints />
              <MethodPoint xsi:type="SequencePoint" vc="1" uspid="123" ordinal="0" offset="0" sl="11" sc="30" el="11" ec="34" bec="0" bev="0" fileid="7" />
            </Method>
            <Method visited="true" cyclomaticComplexity="1" nPathComplexity="0" sequenceCoverage="100" branchCoverage="100" crapScore="1" isConstructor="false" isStatic="false" isGetter="false" isSetter="true">
              <Summary numSequencePoints="1" visitedSequencePoints="1" numBranchPoints="1" visitedBranchPoints="1" sequenceCoverage="100" branchCoverage="100" maxCyclomaticComplexity="1" minCyclomaticComplexity="1" maxCrapScore="1" minCrapScore="1" visitedClasses="0" numClasses="0" visitedMethods="1" numMethods="1" />
              <MetadataToken>100663312</MetadataToken>
              <Name>System.Void _13LabLibrary.JournalEntry::set_Name(System.String)</Name>
              <FileRef uid="7" />
              <SequencePoints>
                <SequencePoint vc="4" uspid="124" ordinal="0" offset="0" sl="11" sc="35" el="11" ec="39" bec="0" bev="0" fileid="7" />
              </SequencePoints>
              <BranchPoints />
              <MethodPoint xsi:type="SequencePoint" vc="4" uspid="124" ordinal="0" offset="0" sl="11" sc="35" el="11" ec="39" bec="0" bev="0" fileid="7" />
            </Method>
            <Method visited="true" cyclomaticComplexity="1" nPathComplexity="0" sequenceCoverage="100" branchCoverage="100" crapScore="1" isConstructor="false" isStatic="false" isGetter="true" isSetter="false">
              <Summary numSequencePoints="1" visitedSequencePoints="1" numBranchPoints="1" visitedBranchPoints="1" sequenceCoverage="100" branchCoverage="100" maxCyclomaticComplexity="1" minCyclomaticComplexity="1" maxCrapScore="1" minCrapScore="1" visitedClasses="0" numClasses="0" visitedMethods="1" numMethods="1" />
              <MetadataToken>100663313</MetadataToken>
              <Name>System.String _13LabLibrary.JournalEntry::get_Type()</Name>
              <FileRef uid="7" />
              <SequencePoints>
                <SequencePoint vc="1" uspid="125" ordinal="0" offset="0" sl="12" sc="30" el="12" ec="34" bec="0" bev="0" fileid="7" />
              </SequencePoints>
              <BranchPoints />
              <MethodPoint xsi:type="SequencePoint" vc="1" uspid="125" ordinal="0" offset="0" sl="12" sc="30" el="12" ec="34" bec="0" bev="0" fileid="7" />
            </Method>
            <Method visited="true" cyclomaticComplexity="1" nPathComplexity="0" sequenceCoverage="100" branchCoverage="100" crapScore="1" isConstructor="false" isStatic="false" isGetter="false" isSetter="true">
              <Summary numSequencePoints="1" visitedSequencePoints="1" numBranchPoints="1" visitedBranchPoints="1" sequenceCoverage="100" branchCoverage="100" maxCyclomaticComplexity="1" minCyclomaticComplexity="1" maxCrapScore="1" minCrapScore="1" visitedClasses="0" numClasses="0" visitedMethods="1" numMethods="1" />
              <MetadataToken>100663314</MetadataToken>
              <Name>System.Void _13LabLibrary.JournalEntry::set_Type(System.String)</Name>
              <FileRef uid="7" />
              <SequencePoints>
                <SequencePoint vc="4" uspid="126" ordinal="0" offset="0" sl="12" sc="35" el="12" ec="39" bec="0" bev="0" fileid="7" />
              </SequencePoints>
              <BranchPoints />
              <MethodPoint xsi:type="SequencePoint" vc="4" uspid="126" ordinal="0" offset="0" sl="12" sc="35" el="12" ec="39" bec="0" bev="0" fileid="7" />
            </Method>
            <Method visited="true" cyclomaticComplexity="1" nPathComplexity="0" sequenceCoverage="100" branchCoverage="100" crapScore="1" isConstructor="false" isStatic="false" isGetter="true" isSetter="false">
              <Summary numSequencePoints="1" visitedSequencePoints="1" numBranchPoints="1" visitedBranchPoints="1" sequenceCoverage="100" branchCoverage="100" maxCyclomaticComplexity="1" minCyclomaticComplexity="1" maxCrapScore="1" minCrapScore="1" visitedClasses="0" numClasses="0" visitedMethods="1" numMethods="1" />
              <MetadataToken>100663315</MetadataToken>
              <Name>System.String _13LabLibrary.JournalEntry::get_Data()</Name>
              <FileRef uid="7" />
              <SequencePoints>
                <SequencePoint vc="1" uspid="127" ordinal="0" offset="0" sl="14" sc="30" el="14" ec="34" bec="0" bev="0" fileid="7" />
              </SequencePoints>
              <BranchPoints />
              <MethodPoint xsi:type="SequencePoint" vc="1" uspid="127" ordinal="0" offset="0" sl="14" sc="30" el="14" ec="34" bec="0" bev="0" fileid="7" />
            </Method>
            <Method visited="true" cyclomaticComplexity="1" nPathComplexity="0" sequenceCoverage="100" branchCoverage="100" crapScore="1" isConstructor="false" isStatic="false" isGetter="false" isSetter="true">
              <Summary numSequencePoints="1" visitedSequencePoints="1" numBranchPoints="1" visitedBranchPoints="1" sequenceCoverage="100" branchCoverage="100" maxCyclomaticComplexity="1" minCyclomaticComplexity="1" maxCrapScore="1" minCrapScore="1" visitedClasses="0" numClasses="0" visitedMethods="1" numMethods="1" />
              <MetadataToken>100663316</MetadataToken>
              <Name>System.Void _13LabLibrary.JournalEntry::set_Data(System.String)</Name>
              <FileRef uid="7" />
              <SequencePoints>
                <SequencePoint vc="4" uspid="128" ordinal="0" offset="0" sl="14" sc="35" el="14" ec="39" bec="0" bev="0" fileid="7" />
              </SequencePoints>
              <BranchPoints />
              <MethodPoint xsi:type="SequencePoint" vc="4" uspid="128" ordinal="0" offset="0" sl="14" sc="35" el="14" ec="39" bec="0" bev="0" fileid="7" />
            </Method>
            <Method visited="true" cyclomaticComplexity="1" nPathComplexity="0" sequenceCoverage="100" branchCoverage="100" crapScore="1" isConstructor="true" isStatic="false" isGetter="false" isSetter="false">
              <Summary numSequencePoints="6" visitedSequencePoints="6" numBranchPoints="1" visitedBranchPoints="1" sequenceCoverage="100" branchCoverage="100" maxCyclomaticComplexity="1" minCyclomaticComplexity="1" maxCrapScore="1" minCrapScore="1" visitedClasses="0" numClasses="0" visitedMethods="1" numMethods="1" />
              <MetadataToken>100663317</MetadataToken>
              <Name>System.Void _13LabLibrary.JournalEntry::.ctor(System.String,System.String,System.String)</Name>
              <FileRef uid="7" />
              <SequencePoints>
                <SequencePoint vc="4" uspid="129" ordinal="0" offset="0" sl="16" sc="9" el="16" ec="67" bec="0" bev="0" fileid="7" />
                <SequencePoint vc="4" uspid="130" ordinal="1" offset="7" sl="17" sc="9" el="17" ec="10" bec="0" bev="0" fileid="7" />
                <SequencePoint vc="4" uspid="131" ordinal="2" offset="8" sl="18" sc="13" el="18" ec="25" bec="0" bev="0" fileid="7" />
                <SequencePoint vc="4" uspid="132" ordinal="3" offset="16" sl="19" sc="13" el="19" ec="25" bec="0" bev="0" fileid="7" />
                <SequencePoint vc="4" uspid="133" ordinal="4" offset="24" sl="20" sc="13" el="20" ec="25" bec="0" bev="0" fileid="7" />
                <SequencePoint vc="4" uspid="134" ordinal="5" offset="32" sl="21" sc="9" el="21" ec="10" bec="0" bev="0" fileid="7" />
              </SequencePoints>
              <BranchPoints />
              <MethodPoint xsi:type="SequencePoint" vc="4" uspid="129" ordinal="0" offset="0" sl="16" sc="9" el="16" ec="67" bec="0" bev="0" fileid="7" />
            </Method>
            <Method visited="true" cyclomaticComplexity="1" nPathComplexity="0" sequenceCoverage="100" branchCoverage="100" crapScore="1" isConstructor="false" isStatic="false" isGetter="false" isSetter="false">
              <Summary numSequencePoints="3" visitedSequencePoints="3" numBranchPoints="1" visitedBranchPoints="1" sequenceCoverage="100" branchCoverage="100" maxCyclomaticComplexity="1" minCyclomaticComplexity="1" maxCrapScore="1" minCrapScore="1" visitedClasses="0" numClasses="0" visitedMethods="1" numMethods="1" />
              <MetadataToken>100663318</MetadataToken>
              <Name>System.String _13LabLibrary.JournalEntry::ToString()</Name>
              <FileRef uid="7" />
              <SequencePoints>
                <SequencePoint vc="1" uspid="135" ordinal="0" offset="0" sl="24" sc="9" el="24" ec="10" bec="0" bev="0" fileid="7" />
                <SequencePoint vc="1" uspid="136" ordinal="1" offset="1" sl="25" sc="13" el="25" ec="59" bec="0" bev="0" fileid="7" />
                <SequencePoint vc="1" uspid="137" ordinal="2" offset="74" sl="26" sc="9" el="26" ec="10" bec="0" bev="0" fileid="7" />
              </SequencePoints>
              <BranchPoints />
              <MethodPoint xsi:type="SequencePoint" vc="1" uspid="135" ordinal="0" offset="0" sl="24" sc="9" el="24" ec="10" bec="0" bev="0" fileid="7" />
            </Method>
          </Methods>
        </Class>
        <Class>
          <Summary numSequencePoints="23" visitedSequencePoints="23" numBranchPoints="9" visitedBranchPoints="9" sequenceCoverage="100" branchCoverage="100" maxCyclomaticComplexity="1" minCyclomaticComplexity="1" maxCrapScore="1" minCrapScore="1" visitedClasses="1" numClasses="1" visitedMethods="9" numMethods="9" />
          <FullName>_13LabLibrary.MyHashTable</FullName>
          <Methods>
            <Method visited="true" cyclomaticComplexity="1" nPathComplexity="0" sequenceCoverage="100" branchCoverage="100" crapScore="1" isConstructor="false" isStatic="false" isGetter="true" isSetter="false">
              <Summary numSequencePoints="3" visitedSequencePoints="3" numBranchPoints="1" visitedBranchPoints="1" sequenceCoverage="100" branchCoverage="100" maxCyclomaticComplexity="1" minCyclomaticComplexity="1" maxCrapScore="1" minCrapScore="1" visitedClasses="0" numClasses="0" visitedMethods="1" numMethods="1" />
              <MetadataToken>100663325</MetadataToken>
              <Name>System.Int32 _13LabLibrary.MyHashTable::get_Length()</Name>
              <FileRef uid="8" />
              <SequencePoints>
                <SequencePoint vc="5" uspid="138" ordinal="0" offset="0" sl="44" sc="13" el="44" ec="14" bec="0" bev="0" fileid="8" />
                <SequencePoint vc="5" uspid="139" ordinal="1" offset="1" sl="45" sc="17" el="45" ec="36" bec="0" bev="0" fileid="8" />
                <SequencePoint vc="5" uspid="140" ordinal="2" offset="10" sl="46" sc="13" el="46" ec="14" bec="0" bev="0" fileid="8" />
              </SequencePoints>
              <BranchPoints />
              <MethodPoint xsi:type="SequencePoint" vc="5" uspid="138" ordinal="0" offset="0" sl="44" sc="13" el="44" ec="14" bec="0" bev="0" fileid="8" />
            </Method>
            <Method visited="true" cyclomaticComplexity="1" nPathComplexity="0" sequenceCoverage="100" branchCoverage="100" crapScore="1" isConstructor="false" isStatic="false" isGetter="true" isSetter="false">
              <Summary numSequencePoints="1" visitedSequencePoints="1" numBranchPoints="1" visitedBranchPoints="1" sequenceCoverage="100" branchCoverage="100" maxCyclomaticComplexity="1" minCyclomaticComplexity="1" maxCrapScore="1" minCrapScore="1" visitedClasses="0" numClasses="0" visitedMethods="1" numMethods="1" />
              <MetadataToken>100663326</MetadataToken>
              <Name>System.Int32 _13LabLibrary.MyHashTable::get_Count()</Name>
              <FileRef uid="8" />
              <SequencePoints>
                <SequencePoint vc="7" uspid="141" ordinal="0" offset="0" sl="49" sc="38" el="49" ec="48" bec="0" bev="0" fileid="8" />
              </SequencePoints>
              <BranchPoints />
              <MethodPoint xsi:type="SequencePoint" vc="7" uspid="141" ordinal="0" offset="0" sl="49" sc="38" el="49" ec="48" bec="0" bev="0" fileid="8" />
            </Method>
            <Method visited="true" cyclomaticComplexity="1" nPathComplexity="0" sequenceCoverage="100" branchCoverage="100" crapScore="1" isConstructor="false" isStatic="false" isGetter="true" isSetter="false">
              <Summary numSequencePoints="1" visitedSequencePoints="1" numBranchPoints="1" visitedBranchPoints="1" sequenceCoverage="100" branchCoverage="100" maxCyclomaticComplexity="1" minCyclomaticComplexity="1" maxCrapScore="1" minCrapScore="1" visitedClasses="0" numClasses="0" visitedMethods="1" numMethods="1" />
              <MetadataToken>100663327</MetadataToken>
              <Name>_12LabLibrary.ListPoints`1&lt;_10LabLibrary.Challenge&gt; _13LabLibrary.MyHashTable::get_Item(System.Int32)</Name>
              <FileRef uid="8" />
              <SequencePoints>
                <SequencePoint vc="4" uspid="142" ordinal="0" offset="0" sl="51" sc="66" el="51" ec="77" bec="0" bev="0" fileid="8" />
              </SequencePoints>
              <BranchPoints />
              <MethodPoint xsi:type="SequencePoint" vc="4" uspid="142" ordinal="0" offset="0" sl="51" sc="66" el="51" ec="77" bec="0" bev="0" fileid="8" />
            </Method>
            <Method visited="true" cyclomaticComplexity="1" nPathComplexity="0" sequenceCoverage="100" branchCoverage="100" crapScore="1" isConstructor="true" isStatic="false" isGetter="false" isSetter="false">
              <Summary numSequencePoints="3" visitedSequencePoints="3" numBranchPoints="1" visitedBranchPoints="1" sequenceCoverage="100" branchCoverage="100" maxCyclomaticComplexity="1" minCyclomaticComplexity="1" maxCrapScore="1" minCrapScore="1" visitedClasses="0" numClasses="0" visitedMethods="1" numMethods="1" />
              <MetadataToken>100663319</MetadataToken>
              <Name>System.Void _13LabLibrary.MyHashTable::.ctor()</Name>
              <FileRef uid="8" />
              <SequencePoints>
                <SequencePoint vc="8" uspid="143" ordinal="0" offset="0" sl="15" sc="30" el="15" ec="36" bec="0" bev="0" fileid="8" />
                <SequencePoint vc="8" uspid="144" ordinal="1" offset="7" sl="16" sc="9" el="16" ec="10" bec="0" bev="0" fileid="8" />
                <SequencePoint vc="8" uspid="145" ordinal="2" offset="8" sl="17" sc="9" el="17" ec="10" bec="0" bev="0" fileid="8" />
              </SequencePoints>
              <BranchPoints />
              <MethodPoint xsi:type="SequencePoint" vc="8" uspid="143" ordinal="0" offset="0" sl="15" sc="30" el="15" ec="36" bec="0" bev="0" fileid="8" />
            </Method>
            <Method visited="true" cyclomaticComplexity="1" nPathComplexity="0" sequenceCoverage="100" branchCoverage="100" crapScore="1" isConstructor="true" isStatic="false" isGetter="false" isSetter="false">
              <Summary numSequencePoints="3" visitedSequencePoints="3" numBranchPoints="1" visitedBranchPoints="1" sequenceCoverage="100" branchCoverage="100" maxCyclomaticComplexity="1" minCyclomaticComplexity="1" maxCrapScore="1" minCrapScore="1" visitedClasses="0" numClasses="0" visitedMethods="1" numMethods="1" />
              <MetadataToken>100663320</MetadataToken>
              <Name>System.Void _13LabLibrary.MyHashTable::.ctor(System.Int32)</Name>
              <FileRef uid="8" />
              <SequencePoints>
                <SequencePoint vc="4" uspid="146" ordinal="0" offset="0" sl="19" sc="37" el="19" ec="44" bec="0" bev="0" fileid="8" />
                <SequencePoint vc="4" uspid="147" ordinal="1" offset="8" sl="19" sc="45" el="19" ec="46" bec="0" bev="0" fileid="8" />
                <SequencePoint vc="4" uspid="148" ordinal="2" offset="9" sl="19" sc="47" el="19" ec="48" bec="0" bev="0" fileid="8" />
              </SequencePoints>
              <BranchPoints />
              <MethodPoint xsi:type="SequencePoint" vc="4" uspid="146" ordinal="0" offset="0" sl="19" sc="37" el="19" ec="44" bec="0" bev="0" fileid="8" />
            </Method>
            <Method visited="true" cyclomaticComplexity="1" nPathComplexity="0" sequenceCoverage="100" branchCoverage="100" crapScore="1" isConstructor="false" isStatic="false" isGetter="false" isSetter="false">
              <Summary numSequencePoints="3" visitedSequencePoints="3" numBranchPoints="1" visitedBranchPoints="1" sequenceCoverage="100" branchCoverage="100" maxCyclomaticComplexity="1" minCyclomaticComplexity="1" maxCrapScore="1" minCrapScore="1" visitedClasses="0" numClasses="0" visitedMethods="1" numMethods="1" />
              <MetadataToken>100663321</MetadataToken>
              <Name>System.Void _13LabLibrary.MyHashTable::Add(_10LabLibrary.Challenge)</Name>
              <FileRef uid="8" />
              <SequencePoints>
                <SequencePoint vc="10" uspid="149" ordinal="0" offset="0" sl="22" sc="9" el="22" ec="10" bec="0" bev="0" fileid="8" />
                <SequencePoint vc="10" uspid="150" ordinal="1" offset="1" sl="23" sc="13" el="23" ec="29" bec="0" bev="0" fileid="8" />
                <SequencePoint vc="10" uspid="151" ordinal="2" offset="9" sl="24" sc="9" el="24" ec="10" bec="0" bev="0" fileid="8" />
              </SequencePoints>
              <BranchPoints />
              <MethodPoint xsi:type="SequencePoint" vc="10" uspid="149" ordinal="0" offset="0" sl="22" sc="9" el="22" ec="10" bec="0" bev="0" fileid="8" />
            </Method>
            <Method visited="true" cyclomaticComplexity="1" nPathComplexity="0" sequenceCoverage="100" branchCoverage="100" crapScore="1" isConstructor="false" isStatic="false" isGetter="false" isSetter="false">
              <Summary numSequencePoints="3" visitedSequencePoints="3" numBranchPoints="1" visitedBranchPoints="1" sequenceCoverage="100" branchCoverage="100" maxCyclomaticComplexity="1" minCyclomaticComplexity="1" maxCrapScore="1" minCrapScore="1" visitedClasses="0" numClasses="0" visitedMethods="1" numMethods="1" />
              <MetadataToken>100663322</MetadataToken>
              <Name>System.Boolean _13LabLibrary.MyHashTable::Contains(_10LabLibrary.Challenge)</Name>
              <FileRef uid="8" />
              <SequencePoints>
                <SequencePoint vc="1" uspid="152" ordinal="0" offset="0" sl="27" sc="9" el="27" ec="10" bec="0" bev="0" fileid="8" />
                <SequencePoint vc="1" uspid="153" ordinal="1" offset="1" sl="28" sc="13" el="28" ec="41" bec="0" bev="0" fileid="8" />
                <SequencePoint vc="1" uspid="154" ordinal="2" offset="11" sl="29" sc="9" el="29" ec="10" bec="0" bev="0" fileid="8" />
              </SequencePoints>
              <BranchPoints />
              <MethodPoint xsi:type="SequencePoint" vc="1" uspid="152" ordinal="0" offset="0" sl="27" sc="9" el="27" ec="10" bec="0" bev="0" fileid="8" />
            </Method>
            <Method visited="true" cyclomaticComplexity="1" nPathComplexity="0" sequenceCoverage="100" branchCoverage="100" crapScore="1" isConstructor="false" isStatic="false" isGetter="false" isSetter="false">
              <Summary numSequencePoints="3" visitedSequencePoints="3" numBranchPoints="1" visitedBranchPoints="1" sequenceCoverage="100" branchCoverage="100" maxCyclomaticComplexity="1" minCyclomaticComplexity="1" maxCrapScore="1" minCrapScore="1" visitedClasses="0" numClasses="0" visitedMethods="1" numMethods="1" />
              <MetadataToken>100663323</MetadataToken>
              <Name>System.Void _13LabLibrary.MyHashTable::Clear()</Name>
              <FileRef uid="8" />
              <SequencePoints>
                <SequencePoint vc="1" uspid="155" ordinal="0" offset="0" sl="32" sc="9" el="32" ec="10" bec="0" bev="0" fileid="8" />
                <SequencePoint vc="1" uspid="156" ordinal="1" offset="1" sl="33" sc="13" el="33" ec="26" bec="0" bev="0" fileid="8" />
                <SequencePoint vc="1" uspid="157" ordinal="2" offset="8" sl="34" sc="9" el="34" ec="10" bec="0" bev="0" fileid="8" />
              </SequencePoints>
              <BranchPoints />
              <MethodPoint xsi:type="SequencePoint" vc="1" uspid="155" ordinal="0" offset="0" sl="32" sc="9" el="32" ec="10" bec="0" bev="0" fileid="8" />
            </Method>
            <Method visited="true" cyclomaticComplexity="1" nPathComplexity="0" sequenceCoverage="100" branchCoverage="100" crapScore="1" isConstructor="false" isStatic="false" isGetter="false" isSetter="false">
              <Summary numSequencePoints="3" visitedSequencePoints="3" numBranchPoints="1" visitedBranchPoints="1" sequenceCoverage="100" branchCoverage="100" maxCyclomaticComplexity="1" minCyclomaticComplexity="1" maxCrapScore="1" minCrapScore="1" visitedClasses="0" numClasses="0" visitedMethods="1" numMethods="1" />
              <MetadataToken>100663324</MetadataToken>
              <Name>System.Boolean _13LabLibrary.MyHashTable::Remove(_10LabLibrary.Challenge)</Name>
              <FileRef uid="8" />
              <SequencePoints>
                <SequencePoint vc="3" uspid="158" ordinal="0" offset="0" sl="37" sc="9" el="37" ec="10" bec="0" bev="0" fileid="8" />
                <SequencePoint vc="3" uspid="159" ordinal="1" offset="1" sl="38" sc="13" el="38" ec="39" bec="0" bev="0" fileid="8" />
                <SequencePoint vc="3" uspid="160" ordinal="2" offset="11" sl="39" sc="9" el="39" ec="10" bec="0" bev="0" fileid="8" />
              </SequencePoints>
              <BranchPoints />
              <MethodPoint xsi:type="SequencePoint" vc="3" uspid="158" ordinal="0" offset="0" sl="37" sc="9" el="37" ec="10" bec="0" bev="0" fileid="8" />
            </Method>
          </Methods>
        </Class>
        <Class>
          <Summary numSequencePoints="113" visitedSequencePoints="112" numBranchPoints="40" visitedBranchPoints="36" sequenceCoverage="99.12" branchCoverage="90" maxCyclomaticComplexity="11" minCyclomaticComplexity="1" maxCrapScore="11.00" minCrapScore="1" visitedClasses="1" numClasses="1" visitedMethods="12" numMethods="12" />
          <FullName>_13LabLibrary.MyNewHashTable</FullName>
          <Methods>
            <Method visited="true" cyclomaticComplexity="1" nPathComplexity="0" sequenceCoverage="100" branchCoverage="100" crapScore="1" isConstructor="false" isStatic="false" isGetter="true" isSetter="false">
              <Summary numSequencePoints="3" visitedSequencePoints="3" numBranchPoints="1" visitedBranchPoints="1" sequenceCoverage="100" branchCoverage="100" maxCyclomaticComplexity="1" minCyclomaticComplexity="1" maxCrapScore="1" minCrapScore="1" visitedClasses="0" numClasses="0" visitedMethods="1" numMethods="1" />
              <MetadataToken>100663332</MetadataToken>
              <Name>System.String _13LabLibrary.MyNewHashTable::get_Name()</Name>
              <FileRef uid="9" />
              <SequencePoints>
                <SequencePoint vc="11" uspid="161" ordinal="0" offset="0" sl="24" sc="13" el="24" ec="14" bec="0" bev="0" fileid="9" />
                <SequencePoint vc="11" uspid="162" ordinal="1" offset="1" sl="25" sc="17" el="25" ec="29" bec="0" bev="0" fileid="9" />
                <SequencePoint vc="11" uspid="163" ordinal="2" offset="10" sl="26" sc="13" el="26" ec="14" bec="0" bev="0" fileid="9" />
              </SequencePoints>
              <BranchPoints />
              <MethodPoint xsi:type="SequencePoint" vc="11" uspid="161" ordinal="0" offset="0" sl="24" sc="13" el="24" ec="14" bec="0" bev="0" fileid="9" />
            </Method>
            <Method visited="true" cyclomaticComplexity="1" nPathComplexity="0" sequenceCoverage="100" branchCoverage="100" crapScore="1" isConstructor="false" isStatic="false" isGetter="false" isSetter="true">
              <Summary numSequencePoints="3" visitedSequencePoints="3" numBranchPoints="1" visitedBranchPoints="1" sequenceCoverage="100" branchCoverage="100" maxCyclomaticComplexity="1" minCyclomaticComplexity="1" maxCrapScore="1" minCrapScore="1" visitedClasses="0" numClasses="0" visitedMethods="1" numMethods="1" />
              <MetadataToken>100663333</MetadataToken>
              <Name>System.Void _13LabLibrary.MyNewHashTable::set_Name(System.String)</Name>
              <FileRef uid="9" />
              <SequencePoints>
                <SequencePoint vc="1" uspid="164" ordinal="0" offset="0" sl="28" sc="13" el="28" ec="14" bec="0" bev="0" fileid="9" />
                <SequencePoint vc="1" uspid="165" ordinal="1" offset="1" sl="29" sc="17" el="29" ec="30" bec="0" bev="0" fileid="9" />
                <SequencePoint vc="1" uspid="166" ordinal="2" offset="8" sl="30" sc="13" el="30" ec="14" bec="0" bev="0" fileid="9" />
              </SequencePoints>
              <BranchPoints />
              <MethodPoint xsi:type="SequencePoint" vc="1" uspid="164" ordinal="0" offset="0" sl="28" sc="13" el="28" ec="14" bec="0" bev="0" fileid="9" />
            </Method>
            <Method visited="true" cyclomaticComplexity="1" nPathComplexity="0" sequenceCoverage="100" branchCoverage="100" crapScore="1" isConstructor="false" isStatic="false" isGetter="true" isSetter="false">
              <Summary numSequencePoints="3" visitedSequencePoints="3" numBranchPoints="1" visitedBranchPoints="1" sequenceCoverage="100" branchCoverage="100" maxCyclomaticComplexity="1" minCyclomaticComplexity="1" maxCrapScore="1" minCrapScore="1" visitedClasses="0" numClasses="0" visitedMethods="1" numMethods="1" />
              <MetadataToken>100663345</MetadataToken>
              <Name>_10LabLibrary.Challenge _13LabLibrary.MyNewHashTable::get_Item(System.Int32,System.Int32)</Name>
              <FileRef uid="9" />
              <SequencePoints>
                <SequencePoint vc="2" uspid="167" ordinal="0" offset="0" sl="147" sc="13" el="147" ec="14" bec="0" bev="0" fileid="9" />
                <SequencePoint vc="2" uspid="168" ordinal="1" offset="1" sl="148" sc="17" el="148" ec="46" bec="0" bev="0" fileid="9" />
                <SequencePoint vc="2" uspid="169" ordinal="2" offset="18" sl="149" sc="13" el="149" ec="14" bec="0" bev="0" fileid="9" />
              </SequencePoints>
              <BranchPoints />
              <MethodPoint xsi:type="SequencePoint" vc="2" uspid="167" ordinal="0" offset="0" sl="147" sc="13" el="147" ec="14" bec="0" bev="0" fileid="9" />
            </Method>
            <Method visited="true" cyclomaticComplexity="2" nPathComplexity="2" sequenceCoverage="100" branchCoverage="66.67" crapScore="2" isConstructor="false" isStatic="false" isGetter="false" isSetter="true">
              <Summary numSequencePoints="7" visitedSequencePoints="7" numBranchPoints="3" visitedBranchPoints="2" sequenceCoverage="100" branchCoverage="66.67" maxCyclomaticComplexity="2" minCyclomaticComplexity="2" maxCrapScore="2" minCrapScore="2" visitedClasses="0" numClasses="0" visitedMethods="1" numMethods="1" />
              <MetadataToken>100663346</MetadataToken>
              <Name>System.Void _13LabLibrary.MyNewHashTable::set_Item(System.Int32,System.Int32,_10LabLibrary.Challenge)</Name>
              <FileRef uid="9" />
              <SequencePoints>
                <SequencePoint vc="2" uspid="170" ordinal="0" offset="0" sl="151" sc="13" el="151" ec="14" bec="0" bev="0" fileid="9" />
                <SequencePoint vc="2" uspid="171" ordinal="1" offset="1" sl="152" sc="16" el="152" ec="34" bec="2" bev="1" fileid="9" />
                <SequencePoint vc="2" uspid="172" ordinal="2" offset="9" sl="153" sc="17" el="153" ec="18" bec="0" bev="0" fileid="9" />
                <SequencePoint vc="2" uspid="173" ordinal="3" offset="10" sl="154" sc="21" el="154" ec="135" bec="0" bev="0" fileid="9" />
                <SequencePoint vc="2" uspid="174" ordinal="4" offset="48" sl="155" sc="21" el="155" ec="51" bec="0" bev="0" fileid="9" />
                <SequencePoint vc="2" uspid="175" ordinal="5" offset="64" sl="156" sc="16" el="156" ec="17" bec="0" bev="0" fileid="9" />
                <SequencePoint vc="2" uspid="176" ordinal="6" offset="65" sl="158" sc="13" el="158" ec="14" bec="0" bev="0" fileid="9" />
              </SequencePoints>
              <BranchPoints>
                <BranchPoint vc="2" uspid="177" ordinal="0" offset="7" sl="152" path="0" offsetend="9" fileid="9" />
                <BranchPoint vc="0" uspid="178" ordinal="1" offset="7" sl="152" path="1" offsetend="65" fileid="9" />
              </BranchPoints>
              <MethodPoint xsi:type="SequencePoint" vc="2" uspid="170" ordinal="0" offset="0" sl="151" sc="13" el="151" ec="14" bec="0" bev="0" fileid="9" />
            </Method>
            <Method visited="true" cyclomaticComplexity="1" nPathComplexity="0" sequenceCoverage="100" branchCoverage="100" crapScore="1" isConstructor="true" isStatic="false" isGetter="false" isSetter="false">
              <Summary numSequencePoints="4" visitedSequencePoints="4" numBranchPoints="1" visitedBranchPoints="1" sequenceCoverage="100" branchCoverage="100" maxCyclomaticComplexity="1" minCyclomaticComplexity="1" maxCrapScore="1" minCrapScore="1" visitedClasses="0" numClasses="0" visitedMethods="1" numMethods="1" />
              <MetadataToken>100663334</MetadataToken>
              <Name>System.Void _13LabLibrary.MyNewHashTable::.ctor()</Name>
              <FileRef uid="9" />
              <SequencePoints>
                <SequencePoint vc="1" uspid="179" ordinal="0" offset="0" sl="35" sc="9" el="35" ec="32" bec="0" bev="0" fileid="9" />
                <SequencePoint vc="1" uspid="180" ordinal="1" offset="7" sl="36" sc="9" el="36" ec="10" bec="0" bev="0" fileid="9" />
                <SequencePoint vc="1" uspid="181" ordinal="2" offset="8" sl="37" sc="13" el="37" ec="26" bec="0" bev="0" fileid="9" />
                <SequencePoint vc="1" uspid="182" ordinal="3" offset="15" sl="38" sc="9" el="38" ec="10" bec="0" bev="0" fileid="9" />
              </SequencePoints>
              <BranchPoints />
              <MethodPoint xsi:type="SequencePoint" vc="1" uspid="179" ordinal="0" offset="0" sl="35" sc="9" el="35" ec="32" bec="0" bev="0" fileid="9" />
            </Method>
            <Method visited="true" cyclomaticComplexity="3" nPathComplexity="4" sequenceCoverage="100" branchCoverage="100" crapScore="3" isConstructor="true" isStatic="false" isGetter="false" isSetter="false">
              <Summary numSequencePoints="17" visitedSequencePoints="17" numBranchPoints="5" visitedBranchPoints="5" sequenceCoverage="100" branchCoverage="100" maxCyclomaticComplexity="3" minCyclomaticComplexity="3" maxCrapScore="3" minCrapScore="3" visitedClasses="0" numClasses="0" visitedMethods="1" numMethods="1" />
              <MetadataToken>100663335</MetadataToken>
              <Name>System.Void _13LabLibrary.MyNewHashTable::.ctor(System.String,System.Int32)</Name>
              <FileRef uid="9" />
              <SequencePoints>
                <SequencePoint vc="6" uspid="183" ordinal="0" offset="0" sl="40" sc="9" el="40" ec="54" bec="0" bev="0" fileid="9" />
                <SequencePoint vc="6" uspid="184" ordinal="1" offset="7" sl="41" sc="9" el="41" ec="10" bec="0" bev="0" fileid="9" />
                <SequencePoint vc="6" uspid="185" ordinal="2" offset="8" sl="42" sc="13" el="42" ec="28" bec="2" bev="2" fileid="9" />
                <SequencePoint vc="5" uspid="186" ordinal="3" offset="16" sl="43" sc="13" el="43" ec="14" bec="0" bev="0" fileid="9" />
                <SequencePoint vc="5" uspid="187" ordinal="4" offset="17" sl="44" sc="17" el="44" ec="34" bec="0" bev="0" fileid="9" />
                <SequencePoint vc="5" uspid="188" ordinal="5" offset="24" sl="45" sc="17" el="45" ec="58" bec="0" bev="0" fileid="9" />
                <SequencePoint vc="5" uspid="189" ordinal="6" offset="36" sl="46" sc="22" el="46" ec="31" bec="0" bev="0" fileid="9" />
                <SequencePoint vc="3" uspid="190" ordinal="7" offset="40" sl="47" sc="17" el="47" ec="18" bec="0" bev="0" fileid="9" />
                <SequencePoint vc="3" uspid="191" ordinal="8" offset="41" sl="48" sc="21" el="48" ec="60" bec="0" bev="0" fileid="9" />
                <SequencePoint vc="3" uspid="192" ordinal="9" offset="54" sl="49" sc="17" el="49" ec="18" bec="0" bev="0" fileid="9" />
                <SequencePoint vc="3" uspid="193" ordinal="10" offset="55" sl="46" sc="44" el="46" ec="47" bec="0" bev="0" fileid="9" />
                <SequencePoint vc="8" uspid="194" ordinal="11" offset="59" sl="46" sc="33" el="46" ec="42" bec="2" bev="2" fileid="9" />
                <SequencePoint vc="5" uspid="195" ordinal="12" offset="67" sl="50" sc="13" el="50" ec="14" bec="0" bev="0" fileid="9" />
                <SequencePoint vc="1" uspid="196" ordinal="13" offset="70" sl="52" sc="13" el="52" ec="14" bec="0" bev="0" fileid="9" />
                <SequencePoint vc="1" uspid="197" ordinal="14" offset="71" sl="53" sc="17" el="53" ec="90" bec="0" bev="0" fileid="9" />
                <SequencePoint vc="1" uspid="198" ordinal="15" offset="82" sl="54" sc="13" el="54" ec="14" bec="0" bev="0" fileid="9" />
                <SequencePoint vc="6" uspid="199" ordinal="16" offset="83" sl="55" sc="9" el="55" ec="10" bec="0" bev="0" fileid="9" />
              </SequencePoints>
              <BranchPoints>
                <BranchPoint vc="5" uspid="200" ordinal="0" offset="14" sl="42" path="0" offsetend="16" fileid="9" />
                <BranchPoint vc="1" uspid="201" ordinal="1" offset="14" sl="42" path="1" offsetend="70" fileid="9" />
                <BranchPoint vc="5" uspid="202" ordinal="2" offset="65" sl="46" path="0" offsetend="67" fileid="9" />
                <BranchPoint vc="3" uspid="203" ordinal="3" offset="65" sl="46" path="1" offsetend="40" fileid="9" />
              </BranchPoints>
              <MethodPoint xsi:type="SequencePoint" vc="6" uspid="183" ordinal="0" offset="0" sl="40" sc="9" el="40" ec="54" bec="0" bev="0" fileid="9" />
            </Method>
            <Method visited="false" cyclomaticComplexity="2" nPathComplexity="0" sequenceCoverage="0" branchCoverage="0" crapScore="6" isConstructor="false" isStatic="false" isGetter="false" isSetter="false">
              <Summary numSequencePoints="0" visitedSequencePoints="0" numBranchPoints="0" visitedBranchPoints="0" sequenceCoverage="0" branchCoverage="0" maxCyclomaticComplexity="2" minCyclomaticComplexity="2" maxCrapScore="6" minCrapScore="6" visitedClasses="0" numClasses="0" visitedMethods="0" numMethods="0" />
              <MetadataToken>100663336</MetadataToken>
              <Name>System.Void _13LabLibrary.MyNewHashTable::add_CollectionCountChanged(_13LabLibrary.CollectionHandler)</Name>
              <SequencePoints />
              <BranchPoints />
              <MethodPoint vc="0" uspid="204" ordinal="0" offset="0" />
            </Method>
            <Method visited="false" cyclomaticComplexity="2" nPathComplexity="0" sequenceCoverage="0" branchCoverage="0" crapScore="6" isConstructor="false" isStatic="false" isGetter="false" isSetter="false">
              <Summary numSequencePoints="0" visitedSequencePoints="0" numBranchPoints="0" visitedBranchPoints="0" sequenceCoverage="0" branchCoverage="0" maxCyclomaticComplexity="2" minCyclomaticComplexity="2" maxCrapScore="6" minCrapScore="6" visitedClasses="0" numClasses="0" visitedMethods="0" numMethods="0" />
              <MetadataToken>100663337</MetadataToken>
              <Name>System.Void _13LabLibrary.MyNewHashTable::remove_CollectionCountChanged(_13LabLibrary.CollectionHandler)</Name>
              <SequencePoints />
              <BranchPoints />
              <MethodPoint vc="0" uspid="205" ordinal="0" offset="0" />
            </Method>
            <Method visited="false" cyclomaticComplexity="2" nPathComplexity="0" sequenceCoverage="0" branchCoverage="0" crapScore="6" isConstructor="false" isStatic="false" isGetter="false" isSetter="false">
              <Summary numSequencePoints="0" visitedSequencePoints="0" numBranchPoints="0" visitedBranchPoints="0" sequenceCoverage="0" branchCoverage="0" maxCyclomaticComplexity="2" minCyclomaticComplexity="2" maxCrapScore="6" minCrapScore="6" visitedClasses="0" numClasses="0" visitedMethods="0" numMethods="0" />
              <MetadataToken>100663338</MetadataToken>
              <Name>System.Void _13LabLibrary.MyNewHashTable::add_CollectionReferenceChanged(_13LabLibrary.CollectionHandler)</Name>
              <SequencePoints />
              <BranchPoints />
              <MethodPoint vc="0" uspid="206" ordinal="0" offset="0" />
            </Method>
            <Method visited="false" cyclomaticComplexity="2" nPathComplexity="0" sequenceCoverage="0" branchCoverage="0" crapScore="6" isConstructor="false" isStatic="false" isGetter="false" isSetter="false">
              <Summary numSequencePoints="0" visitedSequencePoints="0" numBranchPoints="0" visitedBranchPoints="0" sequenceCoverage="0" branchCoverage="0" maxCyclomaticComplexity="2" minCyclomaticComplexity="2" maxCrapScore="6" minCrapScore="6" visitedClasses="0" numClasses="0" visitedMethods="0" numMethods="0" />
              <MetadataToken>100663339</MetadataToken>
[...]
                <BranchPoint vc="0" uspid="1397" ordinal="1" offset="74" sl="68" path="1" offsetend="25" fileid="32" />
                <BranchPoint vc="0" uspid="1398" ordinal="2" offset="96" sl="79" path="0" offsetend="98" fileid="32" />
                <BranchPoint vc="0" uspid="1399" ordinal="3" offset="96" sl="79" path="1" offsetend="109" fileid="32" />
                <BranchPoint vc="0" uspid="1400" ordinal="4" offset="118" sl="80" path="0" offsetend="120" fileid="32" />
                <BranchPoint vc="0" uspid="1401" ordinal="5" offset="118" sl="80" path="1" offsetend="76" fileid="32" />
                <BranchPoint vc="0" uspid="1402" ordinal="6" offset="154" sl="87" path="0" offsetend="156" fileid="32" />
                <BranchPoint vc="0" uspid="1403" ordinal="7" offset="154" sl="87" path="1" offsetend="167" fileid="32" />
                <BranchPoint vc="0" uspid="1404" ordinal="8" offset="172" sl="87" path="0" offsetend="174" fileid="32" />
                <BranchPoint vc="0" uspid="1405" ordinal="9" offset="172" sl="87" path="1" offsetend="178" fileid="32" />
              </BranchPoints>
              <MethodPoint xsi:type="SequencePoint" vc="0" uspid="1365" ordinal="0" offset="0" sl="64" sc="9" el="64" ec="10" bec="0" bev="0" fileid="32" />
            </Method>
            <Method visited="false" cyclomaticComplexity="6" nPathComplexity="32" sequenceCoverage="0" branchCoverage="0" crapScore="42" isConstructor="false" isStatic="false" isGetter="false" isSetter="false">
              <Summary numSequencePoints="10" visitedSequencePoints="0" numBranchPoints="11" visitedBranchPoints="0" sequenceCoverage="0" branchCoverage="0" maxCyclomaticComplexity="6" minCyclomaticComplexity="6" maxCrapScore="42" minCrapScore="42" visitedClasses="0" numClasses="0" visitedMethods="0" numMethods="1" />
              <MetadataToken>100663363</MetadataToken>
              <Name>System.Boolean _10LabLibrary.Exam::Equals(System.Object)</Name>
              <FileRef uid="32" />
              <SequencePoints>
                <SequencePoint vc="0" uspid="1408" ordinal="0" offset="0" sl="94" sc="9" el="94" ec="10" bec="0" bev="0" fileid="32" />
                <SequencePoint vc="0" uspid="1409" ordinal="1" offset="1" sl="95" sc="13" el="95" ec="32" bec="2" bev="0" fileid="32" />
                <SequencePoint vc="0" uspid="1410" ordinal="2" offset="16" sl="96" sc="13" el="96" ec="14" bec="0" bev="0" fileid="32" />
                <SequencePoint vc="0" uspid="1411" ordinal="3" offset="17" sl="97" sc="17" el="97" ec="124" bec="6" bev="0" fileid="32" />
                <SequencePoint vc="0" uspid="1412" ordinal="4" offset="90" sl="98" sc="17" el="98" ec="18" bec="0" bev="0" fileid="32" />
                <SequencePoint vc="0" uspid="1413" ordinal="5" offset="91" sl="99" sc="21" el="99" ec="33" bec="0" bev="0" fileid="32" />
                <SequencePoint vc="0" uspid="1414" ordinal="6" offset="95" sl="102" sc="17" el="102" ec="18" bec="0" bev="0" fileid="32" />
                <SequencePoint vc="0" uspid="1415" ordinal="7" offset="96" sl="103" sc="21" el="103" ec="34" bec="0" bev="0" fileid="32" />
                <SequencePoint vc="0" uspid="1416" ordinal="8" offset="100" sl="106" sc="13" el="106" ec="26" bec="0" bev="0" fileid="32" />
                <SequencePoint vc="0" uspid="1417" ordinal="9" offset="104" sl="109" sc="9" el="109" ec="10" bec="0" bev="0" fileid="32" />
              </SequencePoints>
              <BranchPoints>
                <BranchPoint vc="0" uspid="1418" ordinal="0" offset="14" sl="95" path="0" offsetend="16" fileid="32" />
                <BranchPoint vc="0" uspid="1419" ordinal="1" offset="14" sl="95" path="1" offsetend="100" fileid="32" />
                <BranchPoint vc="0" uspid="1420" ordinal="2" offset="34" sl="97" path="0" offsetend="36" fileid="32" />
                <BranchPoint vc="0" uspid="1421" ordinal="3" offset="34" sl="97" path="1" offsetend="85" fileid="32" />
                <BranchPoint vc="0" uspid="1422" ordinal="4" offset="48" sl="97" path="0" offsetend="50" fileid="32" />
                <BranchPoint vc="0" uspid="1423" ordinal="5" offset="48" sl="97" path="1" offsetend="85" fileid="32" />
                <BranchPoint vc="0" uspid="1424" ordinal="6" offset="67" sl="97" path="0" offsetend="69" fileid="32" />
                <BranchPoint vc="0" uspid="1425" ordinal="7" offset="67" sl="97" path="1" offsetend="85" fileid="32" />
                <BranchPoint vc="0" uspid="1426" ordinal="8" offset="88" sl="97" path="0" offsetend="90" fileid="32" />
                <BranchPoint vc="0" uspid="1427" ordinal="9" offset="88" sl="97" path="1" offsetend="95" fileid="32" />
              </BranchPoints>
              <MethodPoint xsi:type="SequencePoint" vc="0" uspid="1408" ordinal="0" offset="0" sl="94" sc="9" el="94" ec="10" bec="0" bev="0" fileid="32" />
            </Method>
            <Method visited="false" cyclomaticComplexity="1" nPathComplexity="0" sequenceCoverage="0" branchCoverage="0" crapScore="2" isConstructor="false" isStatic="false" isGetter="false" isSetter="false">
              <Summary numSequencePoints="3" visitedSequencePoints="0" numBranchPoints="1" visitedBranchPoints="0" sequenceCoverage="0" branchCoverage="0" maxCyclomaticComplexity="1" minCyclomaticComplexity="1" maxCrapScore="2" minCrapScore="2" visitedClasses="0" numClasses="0" visitedMethods="0" numMethods="1" />
              <MetadataToken>100663364</MetadataToken>
              <Name>System.Int32 _10LabLibrary.Exam::GetHashCode()</Name>
              <FileRef uid="32" />
              <SequencePoints>
                <SequencePoint vc="0" uspid="1428" ordinal="0" offset="0" sl="122" sc="9" el="122" ec="10" bec="0" bev="0" fileid="32" />
                <SequencePoint vc="0" uspid="1429" ordinal="1" offset="1" sl="123" sc="13" el="123" ec="69" bec="0" bev="0" fileid="32" />
                <SequencePoint vc="0" uspid="1430" ordinal="2" offset="22" sl="124" sc="9" el="124" ec="10" bec="0" bev="0" fileid="32" />
              </SequencePoints>
              <BranchPoints />
              <MethodPoint xsi:type="SequencePoint" vc="0" uspid="1428" ordinal="0" offset="0" sl="122" sc="9" el="122" ec="10" bec="0" bev="0" fileid="32" />
            </Method>
            <Method visited="false" cyclomaticComplexity="1" nPathComplexity="0" sequenceCoverage="0" branchCoverage="0" crapScore="2" isConstructor="true" isStatic="true" isGetter="false" isSetter="false">
              <Summary numSequencePoints="1" visitedSequencePoints="0" numBranchPoints="1" visitedBranchPoints="0" sequenceCoverage="0" branchCoverage="0" maxCyclomaticComplexity="1" minCyclomaticComplexity="1" maxCrapScore="2" minCrapScore="2" visitedClasses="0" numClasses="0" visitedMethods="0" numMethods="1" />
              <MetadataToken>100663365</MetadataToken>
              <Name>System.Void _10LabLibrary.Exam::.cctor()</Name>
              <FileRef uid="32" />
              <SequencePoints>
                <SequencePoint vc="0" uspid="1431" ordinal="0" offset="0" sl="14" sc="9" el="14" ec="55" bec="0" bev="0" fileid="32" />
              </SequencePoints>
              <BranchPoints />
              <MethodPoint xsi:type="SequencePoint" vc="0" uspid="1431" ordinal="0" offset="0" sl="14" sc="9" el="14" ec="55" bec="0" bev="0" fileid="32" />
            </Method>
          </Methods>
        </Class>
        <Class>
          <Summary numSequencePoints="43" visitedSequencePoints="0" numBranchPoints="21" visitedBranchPoints="0" sequenceCoverage="0" branchCoverage="0" maxCyclomaticComplexity="7" minCyclomaticComplexity="1" maxCrapScore="56" minCrapScore="2" visitedClasses="0" numClasses="1" visitedMethods="0" numMethods="3" />
          <FullName>_10LabLibrary.Functions</FullName>
          <Methods>
            <Method visited="false" cyclomaticComplexity="3" nPathComplexity="4" sequenceCoverage="0" branchCoverage="0" crapScore="12" isConstructor="false" isStatic="true" isGetter="false" isSetter="false">
              <Summary numSequencePoints="11" visitedSequencePoints="0" numBranchPoints="5" visitedBranchPoints="0" sequenceCoverage="0" branchCoverage="0" maxCyclomaticComplexity="3" minCyclomaticComplexity="3" maxCrapScore="12" minCrapScore="12" visitedClasses="0" numClasses="0" visitedMethods="0" numMethods="1" />
              <MetadataToken>100663366</MetadataToken>
              <Name>System.Int32 _10LabLibrary.Functions::InputInt32(System.String)</Name>
              <FileRef uid="33" />
              <SequencePoints>
                <SequencePoint vc="0" uspid="1432" ordinal="0" offset="0" sl="12" sc="9" el="12" ec="10" bec="0" bev="0" fileid="33" />
                <SequencePoint vc="0" uspid="1433" ordinal="1" offset="1" sl="13" sc="13" el="13" ec="40" bec="0" bev="0" fileid="33" />
                <SequencePoint vc="0" uspid="1434" ordinal="2" offset="3" sl="16" sc="13" el="16" ec="14" bec="0" bev="0" fileid="33" />
                <SequencePoint vc="0" uspid="1435" ordinal="3" offset="4" sl="17" sc="17" el="17" ec="51" bec="0" bev="0" fileid="33" />
                <SequencePoint vc="0" uspid="1436" ordinal="4" offset="21" sl="18" sc="17" el="18" ec="80" bec="0" bev="0" fileid="33" />
                <SequencePoint vc="0" uspid="1437" ordinal="5" offset="34" sl="19" sc="17" el="19" ec="36" bec="2" bev="0" fileid="33" />
                <SequencePoint vc="0" uspid="1438" ordinal="6" offset="42" sl="19" sc="37" el="19" ec="81" bec="0" bev="0" fileid="33" />
                <SequencePoint vc="0" uspid="1439" ordinal="7" offset="53" sl="20" sc="13" el="20" ec="14" bec="0" bev="0" fileid="33" />
                <SequencePoint vc="0" uspid="1440" ordinal="8" offset="54" sl="20" sc="15" el="20" ec="38" bec="2" bev="0" fileid="33" />
                <SequencePoint vc="0" uspid="1441" ordinal="9" offset="62" sl="21" sc="13" el="21" ec="27" bec="0" bev="0" fileid="33" />
                <SequencePoint vc="0" uspid="1442" ordinal="10" offset="67" sl="22" sc="9" el="22" ec="10" bec="0" bev="0" fileid="33" />
              </SequencePoints>
              <BranchPoints>
                <BranchPoint vc="0" uspid="1443" ordinal="0" offset="40" sl="19" path="0" offsetend="42" fileid="33" />
                <BranchPoint vc="0" uspid="1444" ordinal="1" offset="40" sl="19" path="1" offsetend="53" fileid="33" />
                <BranchPoint vc="0" uspid="1445" ordinal="2" offset="60" sl="20" path="0" offsetend="62" fileid="33" />
                <BranchPoint vc="0" uspid="1446" ordinal="3" offset="60" sl="20" path="1" offsetend="3" fileid="33" />
              </BranchPoints>
              <MethodPoint xsi:type="SequencePoint" vc="0" uspid="1432" ordinal="0" offset="0" sl="12" sc="9" el="12" ec="10" bec="0" bev="0" fileid="33" />
            </Method>
            <Method visited="false" cyclomaticComplexity="7" nPathComplexity="64" sequenceCoverage="0" branchCoverage="0" crapScore="56" isConstructor="false" isStatic="true" isGetter="false" isSetter="false">
              <Summary numSequencePoints="22" visitedSequencePoints="0" numBranchPoints="13" visitedBranchPoints="0" sequenceCoverage="0" branchCoverage="0" maxCyclomaticComplexity="7" minCyclomaticComplexity="7" maxCrapScore="56" minCrapScore="56" visitedClasses="0" numClasses="0" visitedMethods="0" numMethods="1" />
              <MetadataToken>100663367</MetadataToken>
              <Name>System.Int32 _10LabLibrary.Functions::BinarySearchLab10(_10LabLibrary.Challenge[],System.Int32)</Name>
              <FileRef uid="33" />
              <SequencePoints>
                <SequencePoint vc="0" uspid="1447" ordinal="0" offset="0" sl="25" sc="9" el="25" ec="10" bec="0" bev="0" fileid="33" />
                <SequencePoint vc="0" uspid="1448" ordinal="1" offset="1" sl="26" sc="13" el="26" ec="26" bec="0" bev="0" fileid="33" />
                <SequencePoint vc="0" uspid="1449" ordinal="2" offset="3" sl="26" sc="28" el="26" ec="47" bec="0" bev="0" fileid="33" />
                <SequencePoint vc="0" uspid="1450" ordinal="3" offset="9" sl="30" sc="13" el="30" ec="14" bec="0" bev="0" fileid="33" />
                <SequencePoint vc="0" uspid="1451" ordinal="4" offset="10" sl="31" sc="17" el="31" ec="42" bec="0" bev="0" fileid="33" />
                <SequencePoint vc="0" uspid="1452" ordinal="5" offset="16" sl="32" sc="17" el="32" ec="35" bec="0" bev="0" fileid="33" />
                <SequencePoint vc="0" uspid="1453" ordinal="6" offset="20" sl="33" sc="17" el="33" ec="49" bec="2" bev="0" fileid="33" />
                <SequencePoint vc="0" uspid="1454" ordinal="7" offset="35" sl="33" sc="50" el="33" ec="62" bec="0" bev="0" fileid="33" />
                <SequencePoint vc="0" uspid="1455" ordinal="8" offset="40" sl="34" sc="17" el="34" ec="48" bec="2" bev="0" fileid="33" />
                <SequencePoint vc="0" uspid="1456" ordinal="9" offset="55" sl="34" sc="49" el="34" ec="60" bec="0" bev="0" fileid="33" />
                <SequencePoint vc="0" uspid="1457" ordinal="10" offset="57" sl="35" sc="17" el="35" ec="48" bec="2" bev="0" fileid="33" />
                <SequencePoint vc="0" uspid="1458" ordinal="11" offset="72" sl="35" sc="49" el="35" ec="62" bec="0" bev="0" fileid="33" />
                <SequencePoint vc="0" uspid="1459" ordinal="12" offset="74" sl="37" sc="13" el="37" ec="14" bec="0" bev="0" fileid="33" />
                <SequencePoint vc="0" uspid="1460" ordinal="13" offset="75" sl="37" sc="15" el="37" ec="36" bec="2" bev="0" fileid="33" />
                <SequencePoint vc="0" uspid="1461" ordinal="14" offset="90" sl="39" sc="13" el="39" ec="32" bec="0" bev="0" fileid="33" />
                <SequencePoint vc="0" uspid="1462" ordinal="15" offset="94" sl="40" sc="13" el="40" ec="45" bec="2" bev="0" fileid="33" />
                <SequencePoint vc="0" uspid="1463" ordinal="16" offset="109" sl="40" sc="46" el="40" ec="59" bec="0" bev="0" fileid="33" />
                <SequencePoint vc="0" uspid="1464" ordinal="17" offset="114" sl="42" sc="13" el="42" ec="30" bec="0" bev="0" fileid="33" />
                <SequencePoint vc="0" uspid="1465" ordinal="18" offset="118" sl="43" sc="13" el="43" ec="45" bec="2" bev="0" fileid="33" />
                <SequencePoint vc="0" uspid="1466" ordinal="19" offset="133" sl="43" sc="46" el="43" ec="57" bec="0" bev="0" fileid="33" />
                <SequencePoint vc="0" uspid="1467" ordinal="20" offset="138" sl="44" sc="13" el="44" ec="23" bec="0" bev="0" fileid="33" />
                <SequencePoint vc="0" uspid="1468" ordinal="21" offset="143" sl="45" sc="9" el="45" ec="10" bec="0" bev="0" fileid="33" />
              </SequencePoints>
              <BranchPoints>
                <BranchPoint vc="0" uspid="1469" ordinal="0" offset="33" sl="33" path="0" offsetend="35" fileid="33" />
                <BranchPoint vc="0" uspid="1470" ordinal="1" offset="33" sl="33" path="1" offsetend="40" fileid="33" />
                <BranchPoint vc="0" uspid="1471" ordinal="2" offset="53" sl="34" path="0" offsetend="55" fileid="33" />
                <BranchPoint vc="0" uspid="1472" ordinal="3" offset="53" sl="34" path="1" offsetend="57" fileid="33" />
                <BranchPoint vc="0" uspid="1473" ordinal="4" offset="70" sl="35" path="0" offsetend="72" fileid="33" />
                <BranchPoint vc="0" uspid="1474" ordinal="5" offset="70" sl="35" path="1" offsetend="74" fileid="33" />
                <BranchPoint vc="0" uspid="1475" ordinal="6" offset="88" sl="37" path="0" offsetend="90" fileid="33" />
                <BranchPoint vc="0" uspid="1476" ordinal="7" offset="88" sl="37" path="1" offsetend="9" fileid="33" />
                <BranchPoint vc="0" uspid="1477" ordinal="8" offset="107" sl="40" path="0" offsetend="109" fileid="33" />
                <BranchPoint vc="0" uspid="1478" ordinal="9" offset="107" sl="40" path="1" offsetend="114" fileid="33" />
                <BranchPoint vc="0" uspid="1479" ordinal="10" offset="131" sl="43" path="0" offsetend="133" fileid="33" />
                <BranchPoint vc="0" uspid="1480" ordinal="11" offset="131" sl="43" path="1" offsetend="138" fileid="33" />
              </BranchPoints>
              <MethodPoint xsi:type="SequencePoint" vc="0" uspid="1447" ordinal="0" offset="0" sl="25" sc="9" el="25" ec="10" bec="0" bev="0" fileid="33" />
            </Method>
            <Method visited="false" cyclomaticComplexity="2" nPathComplexity="2" sequenceCoverage="0" branchCoverage="0" crapScore="6" isConstructor="false" isStatic="true" isGetter="false" isSetter="false">
              <Summary numSequencePoints="10" visitedSequencePoints="0" numBranchPoints="3" visitedBranchPoints="0" sequenceCoverage="0" branchCoverage="0" maxCyclomaticComplexity="2" minCyclomaticComplexity="2" maxCrapScore="6" minCrapScore="6" visitedClasses="0" numClasses="0" visitedMethods="0" numMethods="1" />
              <MetadataToken>100663368</MetadataToken>
              <Name>System.Int32 _10LabLibrary.Functions::StringValue(System.String)</Name>
              <FileRef uid="33" />
              <SequencePoints>
                <SequencePoint vc="0" uspid="1481" ordinal="0" offset="0" sl="48" sc="9" el="48" ec="10" bec="0" bev="0" fileid="33" />
                <SequencePoint vc="0" uspid="1482" ordinal="1" offset="1" sl="49" sc="13" el="49" ec="27" bec="0" bev="0" fileid="33" />
                <SequencePoint vc="0" uspid="1483" ordinal="2" offset="3" sl="50" sc="18" el="50" ec="27" bec="0" bev="0" fileid="33" />
                <SequencePoint vc="0" uspid="1484" ordinal="3" offset="7" sl="51" sc="13" el="51" ec="14" bec="0" bev="0" fileid="33" />
                <SequencePoint vc="0" uspid="1485" ordinal="4" offset="8" sl="52" sc="17" el="52" ec="32" bec="0" bev="0" fileid="33" />
                <SequencePoint vc="0" uspid="1486" ordinal="5" offset="18" sl="53" sc="13" el="53" ec="14" bec="0" bev="0" fileid="33" />
                <SequencePoint vc="0" uspid="1487" ordinal="6" offset="19" sl="50" sc="44" el="50" ec="47" bec="0" bev="0" fileid="33" />
                <SequencePoint vc="0" uspid="1488" ordinal="7" offset="23" sl="50" sc="29" el="50" ec="42" bec="2" bev="0" fileid="33" />
                <SequencePoint vc="0" uspid="1489" ordinal="8" offset="36" sl="54" sc="13" el="54" ec="26" bec="0" bev="0" fileid="33" />
                <SequencePoint vc="0" uspid="1490" ordinal="9" offset="40" sl="55" sc="9" el="55" ec="10" bec="0" bev="0" fileid="33" />
              </SequencePoints>
              <BranchPoints>
                <BranchPoint vc="0" uspid="1491" ordinal="0" offset="34" sl="50" path="0" offsetend="36" fileid="33" />
                <BranchPoint vc="0" uspid="1492" ordinal="1" offset="34" sl="50" path="1" offsetend="7" fileid="33" />
              </BranchPoints>
              <MethodPoint xsi:type="SequencePoint" vc="0" uspid="1481" ordinal="0" offset="0" sl="48" sc="9" el="48" ec="10" bec="0" bev="0" fileid="33" />
            </Method>
            <Method visited="false" cyclomaticComplexity="1" nPathComplexity="0" sequenceCoverage="0" branchCoverage="0" crapScore="2" isConstructor="true" isStatic="false" isGetter="false" isSetter="false">
              <Summary numSequencePoints="0" visitedSequencePoints="0" numBranchPoints="0" visitedBranchPoints="0" sequenceCoverage="0" branchCoverage="0" maxCyclomaticComplexity="1" minCyclomaticComplexity="1" maxCrapScore="2" minCrapScore="2" visitedClasses="0" numClasses="0" visitedMethods="0" numMethods="0" />
              <MetadataToken>100663369</MetadataToken>
              <Name>System.Void _10LabLibrary.Functions::.ctor()</Name>
              <SequencePoints />
              <BranchPoints />
              <MethodPoint vc="0" uspid="1493" ordinal="0" offset="0" />
            </Method>
          </Methods>
        </Class>
      </Classes>
    </Module>
  </Modules>
</CoverageSession>